{"/Users/caesar/Downloads/aquatrans/backend/src/config/roles.js": {"path":"/Users/caesar/Downloads/aquatrans/backend/src/config/roles.js","statementMap":{"0":{"start":{"line":3,"column":14},"end":{"line":11,"column":1}},"1":{"start":{"line":13,"column":20},"end":{"line":111,"column":1}},"2":{"start":{"line":113,"column":0},"end":{"line":113,"column":40}}},"fnMap":{},"branchMap":{},"s":{"0":3,"1":3,"2":3},"f":{},"b":{},"_coverageSchema":"1a1c01bbd47fc00a2c39e90264f33305004495a9","hash":"cfac26ab61aa58a9244f2f433b7b026395114ae1"}
,"/Users/caesar/Downloads/aquatrans/backend/src/data/pendingUsers.js": {"path":"/Users/caesar/Downloads/aquatrans/backend/src/data/pendingUsers.js","statementMap":{"0":{"start":{"line":2,"column":23},"end":{"line":2,"column":38}},"1":{"start":{"line":5,"column":21},"end":{"line":55,"column":1}},"2":{"start":{"line":58,"column":16},"end":{"line":58,"column":18}},"3":{"start":{"line":61,"column":27},"end":{"line":63,"column":1}},"4":{"start":{"line":62,"column":2},"end":{"line":62,"column":59}},"5":{"start":{"line":62,"column":34},"end":{"line":62,"column":57}},"6":{"start":{"line":65,"column":27},"end":{"line":67,"column":1}},"7":{"start":{"line":66,"column":2},"end":{"line":66,"column":45}},"8":{"start":{"line":66,"column":32},"end":{"line":66,"column":43}},"9":{"start":{"line":69,"column":23},"end":{"line":81,"column":1}},"10":{"start":{"line":70,"column":18},"end":{"line":78,"column":3}},"11":{"start":{"line":79,"column":2},"end":{"line":79,"column":29}},"12":{"start":{"line":80,"column":2},"end":{"line":80,"column":17}},"13":{"start":{"line":83,"column":26},"end":{"line":89,"column":1}},"14":{"start":{"line":84,"column":16},"end":{"line":84,"column":56}},"15":{"start":{"line":84,"column":44},"end":{"line":84,"column":55}},"16":{"start":{"line":85,"column":2},"end":{"line":85,"column":32}},"17":{"start":{"line":85,"column":20},"end":{"line":85,"column":32}},"18":{"start":{"line":87,"column":2},"end":{"line":87,"column":63}},"19":{"start":{"line":88,"column":2},"end":{"line":88,"column":29}},"20":{"start":{"line":91,"column":27},"end":{"line":104,"column":1}},"21":{"start":{"line":92,"column":16},"end":{"line":92,"column":56}},"22":{"start":{"line":92,"column":44},"end":{"line":92,"column":55}},"23":{"start":{"line":93,"column":2},"end":{"line":93,"column":32}},"24":{"start":{"line":93,"column":20},"end":{"line":93,"column":32}},"25":{"start":{"line":95,"column":2},"end":{"line":101,"column":4}},"26":{"start":{"line":103,"column":2},"end":{"line":103,"column":29}},"27":{"start":{"line":106,"column":26},"end":{"line":119,"column":1}},"28":{"start":{"line":107,"column":16},"end":{"line":107,"column":56}},"29":{"start":{"line":107,"column":44},"end":{"line":107,"column":55}},"30":{"start":{"line":108,"column":2},"end":{"line":108,"column":32}},"31":{"start":{"line":108,"column":20},"end":{"line":108,"column":32}},"32":{"start":{"line":110,"column":2},"end":{"line":116,"column":4}},"33":{"start":{"line":118,"column":2},"end":{"line":118,"column":29}},"34":{"start":{"line":122,"column":21},"end":{"line":136,"column":1}},"35":{"start":{"line":123,"column":16},"end":{"line":123,"column":71}},"36":{"start":{"line":124,"column":17},"end":{"line":133,"column":3}},"37":{"start":{"line":134,"column":2},"end":{"line":134,"column":23}},"38":{"start":{"line":135,"column":2},"end":{"line":135,"column":16}},"39":{"start":{"line":138,"column":25},"end":{"line":140,"column":1}},"40":{"start":{"line":139,"column":2},"end":{"line":139,"column":57}},"41":{"start":{"line":139,"column":27},"end":{"line":139,"column":55}},"42":{"start":{"line":142,"column":18},"end":{"line":149,"column":1}},"43":{"start":{"line":143,"column":16},"end":{"line":143,"column":57}},"44":{"start":{"line":143,"column":39},"end":{"line":143,"column":56}},"45":{"start":{"line":144,"column":2},"end":{"line":144,"column":32}},"46":{"start":{"line":144,"column":20},"end":{"line":144,"column":32}},"47":{"start":{"line":146,"column":2},"end":{"line":146,"column":29}},"48":{"start":{"line":147,"column":2},"end":{"line":147,"column":51}},"49":{"start":{"line":148,"column":2},"end":{"line":148,"column":24}},"50":{"start":{"line":151,"column":24},"end":{"line":153,"column":1}},"51":{"start":{"line":152,"column":2},"end":{"line":152,"column":59}},"52":{"start":{"line":152,"column":34},"end":{"line":152,"column":57}},"53":{"start":{"line":155,"column":0},"end":{"line":168,"column":2}}},"fnMap":{"0":{"name":"(anonymous_0)","decl":{"start":{"line":61,"column":27},"end":{"line":61,"column":28}},"loc":{"start":{"line":61,"column":33},"end":{"line":63,"column":1}},"line":61},"1":{"name":"(anonymous_1)","decl":{"start":{"line":62,"column":29},"end":{"line":62,"column":30}},"loc":{"start":{"line":62,"column":34},"end":{"line":62,"column":57}},"line":62},"2":{"name":"(anonymous_2)","decl":{"start":{"line":65,"column":27},"end":{"line":65,"column":28}},"loc":{"start":{"line":65,"column":35},"end":{"line":67,"column":1}},"line":65},"3":{"name":"(anonymous_3)","decl":{"start":{"line":66,"column":27},"end":{"line":66,"column":28}},"loc":{"start":{"line":66,"column":32},"end":{"line":66,"column":43}},"line":66},"4":{"name":"(anonymous_4)","decl":{"start":{"line":69,"column":23},"end":{"line":69,"column":24}},"loc":{"start":{"line":69,"column":37},"end":{"line":81,"column":1}},"line":69},"5":{"name":"(anonymous_5)","decl":{"start":{"line":83,"column":26},"end":{"line":83,"column":27}},"loc":{"start":{"line":83,"column":43},"end":{"line":89,"column":1}},"line":83},"6":{"name":"(anonymous_6)","decl":{"start":{"line":84,"column":39},"end":{"line":84,"column":40}},"loc":{"start":{"line":84,"column":44},"end":{"line":84,"column":55}},"line":84},"7":{"name":"(anonymous_7)","decl":{"start":{"line":91,"column":27},"end":{"line":91,"column":28}},"loc":{"start":{"line":91,"column":54},"end":{"line":104,"column":1}},"line":91},"8":{"name":"(anonymous_8)","decl":{"start":{"line":92,"column":39},"end":{"line":92,"column":40}},"loc":{"start":{"line":92,"column":44},"end":{"line":92,"column":55}},"line":92},"9":{"name":"(anonymous_9)","decl":{"start":{"line":106,"column":26},"end":{"line":106,"column":27}},"loc":{"start":{"line":106,"column":55},"end":{"line":119,"column":1}},"line":106},"10":{"name":"(anonymous_10)","decl":{"start":{"line":107,"column":39},"end":{"line":107,"column":40}},"loc":{"start":{"line":107,"column":44},"end":{"line":107,"column":55}},"line":107},"11":{"name":"(anonymous_11)","decl":{"start":{"line":122,"column":21},"end":{"line":122,"column":22}},"loc":{"start":{"line":122,"column":46},"end":{"line":136,"column":1}},"line":122},"12":{"name":"(anonymous_12)","decl":{"start":{"line":138,"column":25},"end":{"line":138,"column":26}},"loc":{"start":{"line":138,"column":36},"end":{"line":140,"column":1}},"line":138},"13":{"name":"(anonymous_13)","decl":{"start":{"line":139,"column":22},"end":{"line":139,"column":23}},"loc":{"start":{"line":139,"column":27},"end":{"line":139,"column":55}},"line":139},"14":{"name":"(anonymous_14)","decl":{"start":{"line":142,"column":18},"end":{"line":142,"column":19}},"loc":{"start":{"line":142,"column":29},"end":{"line":149,"column":1}},"line":142},"15":{"name":"(anonymous_15)","decl":{"start":{"line":143,"column":34},"end":{"line":143,"column":35}},"loc":{"start":{"line":143,"column":39},"end":{"line":143,"column":56}},"line":143},"16":{"name":"(anonymous_16)","decl":{"start":{"line":151,"column":24},"end":{"line":151,"column":25}},"loc":{"start":{"line":151,"column":30},"end":{"line":153,"column":1}},"line":151},"17":{"name":"(anonymous_17)","decl":{"start":{"line":152,"column":29},"end":{"line":152,"column":30}},"loc":{"start":{"line":152,"column":34},"end":{"line":152,"column":57}},"line":152}},"branchMap":{"0":{"loc":{"start":{"line":85,"column":2},"end":{"line":85,"column":32}},"type":"if","locations":[{"start":{"line":85,"column":2},"end":{"line":85,"column":32}},{"start":{},"end":{}}],"line":85},"1":{"loc":{"start":{"line":93,"column":2},"end":{"line":93,"column":32}},"type":"if","locations":[{"start":{"line":93,"column":2},"end":{"line":93,"column":32}},{"start":{},"end":{}}],"line":93},"2":{"loc":{"start":{"line":108,"column":2},"end":{"line":108,"column":32}},"type":"if","locations":[{"start":{"line":108,"column":2},"end":{"line":108,"column":32}},{"start":{},"end":{}}],"line":108},"3":{"loc":{"start":{"line":139,"column":27},"end":{"line":139,"column":55}},"type":"binary-expr","locations":[{"start":{"line":139,"column":27},"end":{"line":139,"column":44}},{"start":{"line":139,"column":48},"end":{"line":139,"column":55}}],"line":139},"4":{"loc":{"start":{"line":144,"column":2},"end":{"line":144,"column":32}},"type":"if","locations":[{"start":{"line":144,"column":2},"end":{"line":144,"column":32}},{"start":{},"end":{}}],"line":144}},"s":{"0":0,"1":0,"2":0,"3":0,"4":0,"5":0,"6":0,"7":0,"8":0,"9":0,"10":0,"11":0,"12":0,"13":0,"14":0,"15":0,"16":0,"17":0,"18":0,"19":0,"20":0,"21":0,"22":0,"23":0,"24":0,"25":0,"26":0,"27":0,"28":0,"29":0,"30":0,"31":0,"32":0,"33":0,"34":0,"35":0,"36":0,"37":0,"38":0,"39":0,"40":0,"41":0,"42":0,"43":0,"44":0,"45":0,"46":0,"47":0,"48":0,"49":0,"50":0,"51":0,"52":0,"53":0},"f":{"0":0,"1":0,"2":0,"3":0,"4":0,"5":0,"6":0,"7":0,"8":0,"9":0,"10":0,"11":0,"12":0,"13":0,"14":0,"15":0,"16":0,"17":0},"b":{"0":[0,0],"1":[0,0],"2":[0,0],"3":[0,0],"4":[0,0]}}
,"/Users/caesar/Downloads/aquatrans/backend/src/data/performance.js": {"path":"/Users/caesar/Downloads/aquatrans/backend/src/data/performance.js","statementMap":{"0":{"start":{"line":4,"column":23},"end":{"line":4,"column":38}},"1":{"start":{"line":7,"column":27},"end":{"line":7,"column":29}},"2":{"start":{"line":10,"column":21},"end":{"line":16,"column":1}},"3":{"start":{"line":19,"column":20},"end":{"line":24,"column":1}},"4":{"start":{"line":27,"column":34},"end":{"line":114,"column":2}},"5":{"start":{"line":27,"column":41},"end":{"line":114,"column":1}},"6":{"start":{"line":117,"column":22},"end":{"line":292,"column":1}},"7":{"start":{"line":118,"column":24},"end":{"line":289,"column":3}},"8":{"start":{"line":291,"column":2},"end":{"line":291,"column":44}},"9":{"start":{"line":296,"column":30},"end":{"line":300,"column":1}},"10":{"start":{"line":297,"column":2},"end":{"line":299,"column":57}},"11":{"start":{"line":298,"column":17},"end":{"line":298,"column":38}},"12":{"start":{"line":299,"column":20},"end":{"line":299,"column":55}},"13":{"start":{"line":302,"column":27},"end":{"line":304,"column":1}},"14":{"start":{"line":303,"column":2},"end":{"line":303,"column":51}},"15":{"start":{"line":303,"column":38},"end":{"line":303,"column":49}},"16":{"start":{"line":306,"column":31},"end":{"line":313,"column":1}},"17":{"start":{"line":307,"column":2},"end":{"line":312,"column":57}},"18":{"start":{"line":308,"column":17},"end":{"line":308,"column":33}},"19":{"start":{"line":309,"column":4},"end":{"line":311,"column":37}},"20":{"start":{"line":312,"column":20},"end":{"line":312,"column":55}},"21":{"start":{"line":315,"column":26},"end":{"line":324,"column":1}},"22":{"start":{"line":316,"column":17},"end":{"line":321,"column":3}},"23":{"start":{"line":322,"column":2},"end":{"line":322,"column":34}},"24":{"start":{"line":323,"column":2},"end":{"line":323,"column":16}},"25":{"start":{"line":326,"column":26},"end":{"line":337,"column":1}},"26":{"start":{"line":327,"column":16},"end":{"line":327,"column":62}},"27":{"start":{"line":327,"column":50},"end":{"line":327,"column":61}},"28":{"start":{"line":328,"column":2},"end":{"line":328,"column":32}},"29":{"start":{"line":328,"column":20},"end":{"line":328,"column":32}},"30":{"start":{"line":330,"column":2},"end":{"line":334,"column":4}},"31":{"start":{"line":336,"column":2},"end":{"line":336,"column":35}},"32":{"start":{"line":339,"column":26},"end":{"line":345,"column":1}},"33":{"start":{"line":340,"column":16},"end":{"line":340,"column":62}},"34":{"start":{"line":340,"column":50},"end":{"line":340,"column":61}},"35":{"start":{"line":341,"column":2},"end":{"line":341,"column":33}},"36":{"start":{"line":341,"column":20},"end":{"line":341,"column":33}},"37":{"start":{"line":343,"column":2},"end":{"line":343,"column":38}},"38":{"start":{"line":344,"column":2},"end":{"line":344,"column":14}},"39":{"start":{"line":348,"column":28},"end":{"line":392,"column":1}},"40":{"start":{"line":349,"column":16},"end":{"line":349,"column":46}},"41":{"start":{"line":351,"column":2},"end":{"line":370,"column":3}},"42":{"start":{"line":352,"column":16},"end":{"line":352,"column":26}},"43":{"start":{"line":355,"column":4},"end":{"line":367,"column":5}},"44":{"start":{"line":357,"column":8},"end":{"line":357,"column":67}},"45":{"start":{"line":358,"column":8},"end":{"line":358,"column":14}},"46":{"start":{"line":360,"column":8},"end":{"line":360,"column":71}},"47":{"start":{"line":361,"column":8},"end":{"line":361,"column":14}},"48":{"start":{"line":363,"column":8},"end":{"line":363,"column":54}},"49":{"start":{"line":364,"column":8},"end":{"line":364,"column":14}},"50":{"start":{"line":366,"column":8},"end":{"line":366,"column":32}},"51":{"start":{"line":369,"column":4},"end":{"line":369,"column":65}},"52":{"start":{"line":369,"column":34},"end":{"line":369,"column":63}},"53":{"start":{"line":372,"column":2},"end":{"line":374,"column":3}},"54":{"start":{"line":373,"column":4},"end":{"line":373,"column":16}},"55":{"start":{"line":377,"column":17},"end":{"line":377,"column":27}},"56":{"start":{"line":378,"column":17},"end":{"line":378,"column":44}},"57":{"start":{"line":380,"column":2},"end":{"line":391,"column":4}},"58":{"start":{"line":389,"column":54},"end":{"line":389,"column":80}},"59":{"start":{"line":389,"column":94},"end":{"line":389,"column":95}},"60":{"start":{"line":390,"column":50},"end":{"line":390,"column":80}},"61":{"start":{"line":390,"column":94},"end":{"line":390,"column":95}},"62":{"start":{"line":395,"column":27},"end":{"line":411,"column":1}},"63":{"start":{"line":396,"column":18},"end":{"line":396,"column":89}},"64":{"start":{"line":396,"column":47},"end":{"line":396,"column":88}},"65":{"start":{"line":397,"column":18},"end":{"line":397,"column":89}},"66":{"start":{"line":397,"column":47},"end":{"line":397,"column":88}},"67":{"start":{"line":399,"column":2},"end":{"line":399,"column":40}},"68":{"start":{"line":399,"column":28},"end":{"line":399,"column":40}},"69":{"start":{"line":401,"column":2},"end":{"line":410,"column":4}},"70":{"start":{"line":413,"column":0},"end":{"line":427,"column":2}}},"fnMap":{"0":{"name":"(anonymous_0)","decl":{"start":{"line":27,"column":34},"end":{"line":27,"column":35}},"loc":{"start":{"line":27,"column":41},"end":{"line":114,"column":1}},"line":27},"1":{"name":"(anonymous_1)","decl":{"start":{"line":117,"column":22},"end":{"line":117,"column":23}},"loc":{"start":{"line":117,"column":35},"end":{"line":292,"column":1}},"line":117},"2":{"name":"(anonymous_2)","decl":{"start":{"line":296,"column":30},"end":{"line":296,"column":31}},"loc":{"start":{"line":296,"column":43},"end":{"line":300,"column":1}},"line":296},"3":{"name":"(anonymous_3)","decl":{"start":{"line":298,"column":12},"end":{"line":298,"column":13}},"loc":{"start":{"line":298,"column":17},"end":{"line":298,"column":38}},"line":298},"4":{"name":"(anonymous_4)","decl":{"start":{"line":299,"column":10},"end":{"line":299,"column":11}},"loc":{"start":{"line":299,"column":20},"end":{"line":299,"column":55}},"line":299},"5":{"name":"(anonymous_5)","decl":{"start":{"line":302,"column":27},"end":{"line":302,"column":28}},"loc":{"start":{"line":302,"column":35},"end":{"line":304,"column":1}},"line":302},"6":{"name":"(anonymous_6)","decl":{"start":{"line":303,"column":33},"end":{"line":303,"column":34}},"loc":{"start":{"line":303,"column":38},"end":{"line":303,"column":49}},"line":303},"7":{"name":"(anonymous_7)","decl":{"start":{"line":306,"column":31},"end":{"line":306,"column":32}},"loc":{"start":{"line":306,"column":64},"end":{"line":313,"column":1}},"line":306},"8":{"name":"(anonymous_8)","decl":{"start":{"line":307,"column":35},"end":{"line":307,"column":36}},"loc":{"start":{"line":307,"column":40},"end":{"line":312,"column":3}},"line":307},"9":{"name":"(anonymous_9)","decl":{"start":{"line":312,"column":10},"end":{"line":312,"column":11}},"loc":{"start":{"line":312,"column":20},"end":{"line":312,"column":55}},"line":312},"10":{"name":"(anonymous_10)","decl":{"start":{"line":315,"column":26},"end":{"line":315,"column":27}},"loc":{"start":{"line":315,"column":36},"end":{"line":324,"column":1}},"line":315},"11":{"name":"(anonymous_11)","decl":{"start":{"line":326,"column":26},"end":{"line":326,"column":27}},"loc":{"start":{"line":326,"column":43},"end":{"line":337,"column":1}},"line":326},"12":{"name":"(anonymous_12)","decl":{"start":{"line":327,"column":45},"end":{"line":327,"column":46}},"loc":{"start":{"line":327,"column":50},"end":{"line":327,"column":61}},"line":327},"13":{"name":"(anonymous_13)","decl":{"start":{"line":339,"column":26},"end":{"line":339,"column":27}},"loc":{"start":{"line":339,"column":34},"end":{"line":345,"column":1}},"line":339},"14":{"name":"(anonymous_14)","decl":{"start":{"line":340,"column":45},"end":{"line":340,"column":46}},"loc":{"start":{"line":340,"column":50},"end":{"line":340,"column":61}},"line":340},"15":{"name":"(anonymous_15)","decl":{"start":{"line":348,"column":28},"end":{"line":348,"column":29}},"loc":{"start":{"line":348,"column":57},"end":{"line":392,"column":1}},"line":348},"16":{"name":"(anonymous_16)","decl":{"start":{"line":369,"column":29},"end":{"line":369,"column":30}},"loc":{"start":{"line":369,"column":34},"end":{"line":369,"column":63}},"line":369},"17":{"name":"(anonymous_17)","decl":{"start":{"line":389,"column":49},"end":{"line":389,"column":50}},"loc":{"start":{"line":389,"column":54},"end":{"line":389,"column":80}},"line":389},"18":{"name":"(anonymous_18)","decl":{"start":{"line":389,"column":89},"end":{"line":389,"column":90}},"loc":{"start":{"line":389,"column":94},"end":{"line":389,"column":95}},"line":389},"19":{"name":"(anonymous_19)","decl":{"start":{"line":390,"column":45},"end":{"line":390,"column":46}},"loc":{"start":{"line":390,"column":50},"end":{"line":390,"column":80}},"line":390},"20":{"name":"(anonymous_20)","decl":{"start":{"line":390,"column":89},"end":{"line":390,"column":90}},"loc":{"start":{"line":390,"column":94},"end":{"line":390,"column":95}},"line":390},"21":{"name":"(anonymous_21)","decl":{"start":{"line":395,"column":27},"end":{"line":395,"column":28}},"loc":{"start":{"line":395,"column":54},"end":{"line":411,"column":1}},"line":395},"22":{"name":"(anonymous_22)","decl":{"start":{"line":396,"column":42},"end":{"line":396,"column":43}},"loc":{"start":{"line":396,"column":47},"end":{"line":396,"column":88}},"line":396},"23":{"name":"(anonymous_23)","decl":{"start":{"line":397,"column":42},"end":{"line":397,"column":43}},"loc":{"start":{"line":397,"column":47},"end":{"line":397,"column":88}},"line":397}},"branchMap":{"0":{"loc":{"start":{"line":309,"column":11},"end":{"line":311,"column":36}},"type":"binary-expr","locations":[{"start":{"line":309,"column":11},"end":{"line":309,"column":32}},{"start":{"line":310,"column":11},"end":{"line":310,"column":38}},{"start":{"line":311,"column":11},"end":{"line":311,"column":36}}],"line":309},"1":{"loc":{"start":{"line":328,"column":2},"end":{"line":328,"column":32}},"type":"if","locations":[{"start":{"line":328,"column":2},"end":{"line":328,"column":32}},{"start":{},"end":{}}],"line":328},"2":{"loc":{"start":{"line":341,"column":2},"end":{"line":341,"column":33}},"type":"if","locations":[{"start":{"line":341,"column":2},"end":{"line":341,"column":33}},{"start":{},"end":{}}],"line":341},"3":{"loc":{"start":{"line":348,"column":38},"end":{"line":348,"column":52}},"type":"default-arg","locations":[{"start":{"line":348,"column":47},"end":{"line":348,"column":52}}],"line":348},"4":{"loc":{"start":{"line":351,"column":2},"end":{"line":370,"column":3}},"type":"if","locations":[{"start":{"line":351,"column":2},"end":{"line":370,"column":3}},{"start":{},"end":{}}],"line":351},"5":{"loc":{"start":{"line":355,"column":4},"end":{"line":367,"column":5}},"type":"switch","locations":[{"start":{"line":356,"column":6},"end":{"line":358,"column":14}},{"start":{"line":359,"column":6},"end":{"line":361,"column":14}},{"start":{"line":362,"column":6},"end":{"line":364,"column":14}},{"start":{"line":365,"column":6},"end":{"line":366,"column":32}}],"line":355},"6":{"loc":{"start":{"line":372,"column":2},"end":{"line":374,"column":3}},"type":"if","locations":[{"start":{"line":372,"column":2},"end":{"line":374,"column":3}},{"start":{},"end":{}}],"line":372},"7":{"loc":{"start":{"line":386,"column":23},"end":{"line":388,"column":9}},"type":"cond-expr","locations":[{"start":{"line":387,"column":8},"end":{"line":387,"column":83}},{"start":{"line":388,"column":8},"end":{"line":388,"column":9}}],"line":386},"8":{"loc":{"start":{"line":396,"column":47},"end":{"line":396,"column":88}},"type":"binary-expr","locations":[{"start":{"line":396,"column":47},"end":{"line":396,"column":68}},{"start":{"line":396,"column":72},"end":{"line":396,"column":88}}],"line":396},"9":{"loc":{"start":{"line":397,"column":47},"end":{"line":397,"column":88}},"type":"binary-expr","locations":[{"start":{"line":397,"column":47},"end":{"line":397,"column":68}},{"start":{"line":397,"column":72},"end":{"line":397,"column":88}}],"line":397},"10":{"loc":{"start":{"line":399,"column":2},"end":{"line":399,"column":40}},"type":"if","locations":[{"start":{"line":399,"column":2},"end":{"line":399,"column":40}},{"start":{},"end":{}}],"line":399},"11":{"loc":{"start":{"line":399,"column":6},"end":{"line":399,"column":26}},"type":"binary-expr","locations":[{"start":{"line":399,"column":6},"end":{"line":399,"column":14}},{"start":{"line":399,"column":18},"end":{"line":399,"column":26}}],"line":399},"12":{"loc":{"start":{"line":406,"column":19},"end":{"line":408,"column":12}},"type":"cond-expr","locations":[{"start":{"line":407,"column":8},"end":{"line":407,"column":71}},{"start":{"line":408,"column":8},"end":{"line":408,"column":12}}],"line":406},"13":{"loc":{"start":{"line":406,"column":19},"end":{"line":406,"column":83}},"type":"binary-expr","locations":[{"start":{"line":406,"column":19},"end":{"line":406,"column":49}},{"start":{"line":406,"column":53},"end":{"line":406,"column":83}}],"line":406}},"s":{"0":2,"1":2,"2":2,"3":2,"4":2,"5":11,"6":2,"7":1,"8":1,"9":2,"10":5,"11":9,"12":2,"13":2,"14":2,"15":1,"16":2,"17":0,"18":0,"19":0,"20":0,"21":2,"22":4,"23":4,"24":4,"25":2,"26":1,"27":1,"28":1,"29":0,"30":1,"31":1,"32":2,"33":2,"34":1,"35":2,"36":1,"37":1,"38":1,"39":2,"40":3,"41":3,"42":0,"43":0,"44":0,"45":0,"46":0,"47":0,"48":0,"49":0,"50":0,"51":0,"52":0,"53":3,"54":2,"55":1,"56":1,"57":1,"58":2,"59":2,"60":2,"61":2,"62":2,"63":0,"64":0,"65":0,"66":0,"67":0,"68":0,"69":0,"70":2},"f":{"0":11,"1":1,"2":5,"3":9,"4":2,"5":2,"6":1,"7":0,"8":0,"9":0,"10":4,"11":1,"12":1,"13":2,"14":1,"15":3,"16":0,"17":2,"18":2,"19":2,"20":2,"21":0,"22":0,"23":0},"b":{"0":[0,0,0],"1":[0,1],"2":[1,1],"3":[2],"4":[0,3],"5":[0,0,0,0],"6":[2,1],"7":[1,0],"8":[0,0],"9":[0,0],"10":[0,0],"11":[0,0],"12":[0,0],"13":[0,0]},"_coverageSchema":"1a1c01bbd47fc00a2c39e90264f33305004495a9","hash":"34a7a42e7832e91096074eab1893db5b5a42ca72"}
,"/Users/caesar/Downloads/aquatrans/backend/src/data/users.js": {"path":"/Users/caesar/Downloads/aquatrans/backend/src/data/users.js","statementMap":{"0":{"start":{"line":2,"column":15},"end":{"line":2,"column":34}},"1":{"start":{"line":3,"column":23},"end":{"line":3,"column":38}},"2":{"start":{"line":4,"column":18},"end":{"line":4,"column":44}},"3":{"start":{"line":7,"column":28},"end":{"line":7,"column":64}},"4":{"start":{"line":9,"column":14},"end":{"line":118,"column":1}},"5":{"start":{"line":121,"column":24},"end":{"line":123,"column":1}},"6":{"start":{"line":122,"column":2},"end":{"line":122,"column":72}},"7":{"start":{"line":122,"column":25},"end":{"line":122,"column":70}},"8":{"start":{"line":125,"column":21},"end":{"line":127,"column":1}},"9":{"start":{"line":126,"column":2},"end":{"line":126,"column":38}},"10":{"start":{"line":126,"column":25},"end":{"line":126,"column":36}},"11":{"start":{"line":129,"column":20},"end":{"line":131,"column":1}},"12":{"start":{"line":130,"column":2},"end":{"line":130,"column":52}},"13":{"start":{"line":130,"column":46},"end":{"line":130,"column":50}},"14":{"start":{"line":133,"column":19},"end":{"line":144,"column":1}},"15":{"start":{"line":134,"column":18},"end":{"line":140,"column":3}},"16":{"start":{"line":141,"column":2},"end":{"line":141,"column":22}},"17":{"start":{"line":142,"column":47},"end":{"line":142,"column":54}},"18":{"start":{"line":143,"column":2},"end":{"line":143,"column":29}},"19":{"start":{"line":146,"column":19},"end":{"line":157,"column":1}},"20":{"start":{"line":147,"column":16},"end":{"line":147,"column":49}},"21":{"start":{"line":147,"column":37},"end":{"line":147,"column":48}},"22":{"start":{"line":148,"column":2},"end":{"line":148,"column":32}},"23":{"start":{"line":148,"column":20},"end":{"line":148,"column":32}},"24":{"start":{"line":150,"column":2},"end":{"line":152,"column":3}},"25":{"start":{"line":151,"column":4},"end":{"line":151,"column":61}},"26":{"start":{"line":154,"column":2},"end":{"line":154,"column":49}},"27":{"start":{"line":155,"column":47},"end":{"line":155,"column":59}},"28":{"start":{"line":156,"column":2},"end":{"line":156,"column":29}},"29":{"start":{"line":159,"column":20},"end":{"line":163,"column":1}},"30":{"start":{"line":160,"column":2},"end":{"line":162,"column":42}},"31":{"start":{"line":161,"column":17},"end":{"line":161,"column":39}},"32":{"start":{"line":162,"column":36},"end":{"line":162,"column":40}},"33":{"start":{"line":165,"column":0},"end":{"line":173,"column":2}}},"fnMap":{"0":{"name":"(anonymous_0)","decl":{"start":{"line":121,"column":24},"end":{"line":121,"column":25}},"loc":{"start":{"line":121,"column":35},"end":{"line":123,"column":1}},"line":121},"1":{"name":"(anonymous_1)","decl":{"start":{"line":122,"column":20},"end":{"line":122,"column":21}},"loc":{"start":{"line":122,"column":25},"end":{"line":122,"column":70}},"line":122},"2":{"name":"(anonymous_2)","decl":{"start":{"line":125,"column":21},"end":{"line":125,"column":22}},"loc":{"start":{"line":125,"column":29},"end":{"line":127,"column":1}},"line":125},"3":{"name":"(anonymous_3)","decl":{"start":{"line":126,"column":20},"end":{"line":126,"column":21}},"loc":{"start":{"line":126,"column":25},"end":{"line":126,"column":36}},"line":126},"4":{"name":"(anonymous_4)","decl":{"start":{"line":129,"column":20},"end":{"line":129,"column":21}},"loc":{"start":{"line":129,"column":26},"end":{"line":131,"column":1}},"line":129},"5":{"name":"(anonymous_5)","decl":{"start":{"line":130,"column":19},"end":{"line":130,"column":20}},"loc":{"start":{"line":130,"column":46},"end":{"line":130,"column":50}},"line":130},"6":{"name":"(anonymous_6)","decl":{"start":{"line":133,"column":19},"end":{"line":133,"column":20}},"loc":{"start":{"line":133,"column":33},"end":{"line":144,"column":1}},"line":133},"7":{"name":"(anonymous_7)","decl":{"start":{"line":146,"column":19},"end":{"line":146,"column":20}},"loc":{"start":{"line":146,"column":36},"end":{"line":157,"column":1}},"line":146},"8":{"name":"(anonymous_8)","decl":{"start":{"line":147,"column":32},"end":{"line":147,"column":33}},"loc":{"start":{"line":147,"column":37},"end":{"line":147,"column":48}},"line":147},"9":{"name":"(anonymous_9)","decl":{"start":{"line":159,"column":20},"end":{"line":159,"column":21}},"loc":{"start":{"line":159,"column":26},"end":{"line":163,"column":1}},"line":159},"10":{"name":"(anonymous_10)","decl":{"start":{"line":161,"column":12},"end":{"line":161,"column":13}},"loc":{"start":{"line":161,"column":17},"end":{"line":161,"column":39}},"line":161},"11":{"name":"(anonymous_11)","decl":{"start":{"line":162,"column":9},"end":{"line":162,"column":10}},"loc":{"start":{"line":162,"column":36},"end":{"line":162,"column":40}},"line":162}},"branchMap":{"0":{"loc":{"start":{"line":148,"column":2},"end":{"line":148,"column":32}},"type":"if","locations":[{"start":{"line":148,"column":2},"end":{"line":148,"column":32}},{"start":{},"end":{}}],"line":148},"1":{"loc":{"start":{"line":150,"column":2},"end":{"line":152,"column":3}},"type":"if","locations":[{"start":{"line":150,"column":2},"end":{"line":152,"column":3}},{"start":{},"end":{}}],"line":150}},"s":{"0":2,"1":2,"2":2,"3":2,"4":2,"5":2,"6":6,"7":34,"8":2,"9":21,"10":121,"11":2,"12":2,"13":18,"14":2,"15":0,"16":0,"17":0,"18":0,"19":2,"20":0,"21":0,"22":0,"23":0,"24":0,"25":0,"26":0,"27":0,"28":0,"29":2,"30":3,"31":27,"32":3,"33":2},"f":{"0":6,"1":34,"2":21,"3":121,"4":2,"5":18,"6":0,"7":0,"8":0,"9":3,"10":27,"11":3},"b":{"0":[0,0],"1":[0,0]},"_coverageSchema":"1a1c01bbd47fc00a2c39e90264f33305004495a9","hash":"eb8fe935ad796543bf8f985604f17bdd4237fca8"}
,"/Users/caesar/Downloads/aquatrans/backend/src/middleware/auth.js": {"path":"/Users/caesar/Downloads/aquatrans/backend/src/middleware/auth.js","statementMap":{"0":{"start":{"line":1,"column":12},"end":{"line":1,"column":35}},"1":{"start":{"line":2,"column":25},"end":{"line":2,"column":49}},"2":{"start":{"line":3,"column":24},"end":{"line":3,"column":50}},"3":{"start":{"line":5,"column":19},"end":{"line":5,"column":72}},"4":{"start":{"line":8,"column":21},"end":{"line":34,"column":1}},"5":{"start":{"line":9,"column":21},"end":{"line":9,"column":46}},"6":{"start":{"line":11,"column":2},"end":{"line":13,"column":3}},"7":{"start":{"line":12,"column":4},"end":{"line":12,"column":66}},"8":{"start":{"line":15,"column":16},"end":{"line":15,"column":40}},"9":{"start":{"line":17,"column":2},"end":{"line":33,"column":3}},"10":{"start":{"line":18,"column":20},"end":{"line":18,"column":49}},"11":{"start":{"line":19,"column":17},"end":{"line":19,"column":41}},"12":{"start":{"line":21,"column":4},"end":{"line":23,"column":5}},"13":{"start":{"line":22,"column":6},"end":{"line":22,"column":82}},"14":{"start":{"line":26,"column":49},"end":{"line":26,"column":53}},"15":{"start":{"line":27,"column":4},"end":{"line":27,"column":35}},"16":{"start":{"line":28,"column":4},"end":{"line":28,"column":49}},"17":{"start":{"line":30,"column":4},"end":{"line":30,"column":11}},"18":{"start":{"line":32,"column":4},"end":{"line":32,"column":61}},"19":{"start":{"line":37,"column":18},"end":{"line":49,"column":1}},"20":{"start":{"line":38,"column":2},"end":{"line":48,"column":4}},"21":{"start":{"line":39,"column":4},"end":{"line":41,"column":5}},"22":{"start":{"line":40,"column":6},"end":{"line":40,"column":64}},"23":{"start":{"line":43,"column":4},"end":{"line":45,"column":5}},"24":{"start":{"line":44,"column":6},"end":{"line":44,"column":77}},"25":{"start":{"line":47,"column":4},"end":{"line":47,"column":11}},"26":{"start":{"line":52,"column":17},"end":{"line":57,"column":1}},"27":{"start":{"line":53,"column":2},"end":{"line":55,"column":3}},"28":{"start":{"line":54,"column":4},"end":{"line":54,"column":73}},"29":{"start":{"line":56,"column":2},"end":{"line":56,"column":9}},"30":{"start":{"line":60,"column":22},"end":{"line":66,"column":1}},"31":{"start":{"line":61,"column":2},"end":{"line":65,"column":4}},"32":{"start":{"line":68,"column":0},"end":{"line":74,"column":2}}},"fnMap":{"0":{"name":"(anonymous_0)","decl":{"start":{"line":8,"column":21},"end":{"line":8,"column":22}},"loc":{"start":{"line":8,"column":41},"end":{"line":34,"column":1}},"line":8},"1":{"name":"(anonymous_1)","decl":{"start":{"line":37,"column":18},"end":{"line":37,"column":19}},"loc":{"start":{"line":37,"column":34},"end":{"line":49,"column":1}},"line":37},"2":{"name":"(anonymous_2)","decl":{"start":{"line":38,"column":9},"end":{"line":38,"column":10}},"loc":{"start":{"line":38,"column":29},"end":{"line":48,"column":3}},"line":38},"3":{"name":"(anonymous_3)","decl":{"start":{"line":52,"column":17},"end":{"line":52,"column":18}},"loc":{"start":{"line":52,"column":37},"end":{"line":57,"column":1}},"line":52},"4":{"name":"(anonymous_4)","decl":{"start":{"line":60,"column":22},"end":{"line":60,"column":23}},"loc":{"start":{"line":60,"column":32},"end":{"line":66,"column":1}},"line":60}},"branchMap":{"0":{"loc":{"start":{"line":5,"column":19},"end":{"line":5,"column":72}},"type":"binary-expr","locations":[{"start":{"line":5,"column":19},"end":{"line":5,"column":41}},{"start":{"line":5,"column":45},"end":{"line":5,"column":72}}],"line":5},"1":{"loc":{"start":{"line":11,"column":2},"end":{"line":13,"column":3}},"type":"if","locations":[{"start":{"line":11,"column":2},"end":{"line":13,"column":3}},{"start":{},"end":{}}],"line":11},"2":{"loc":{"start":{"line":11,"column":6},"end":{"line":11,"column":54}},"type":"binary-expr","locations":[{"start":{"line":11,"column":6},"end":{"line":11,"column":17}},{"start":{"line":11,"column":21},"end":{"line":11,"column":54}}],"line":11},"3":{"loc":{"start":{"line":21,"column":4},"end":{"line":23,"column":5}},"type":"if","locations":[{"start":{"line":21,"column":4},"end":{"line":23,"column":5}},{"start":{},"end":{}}],"line":21},"4":{"loc":{"start":{"line":21,"column":8},"end":{"line":21,"column":28}},"type":"binary-expr","locations":[{"start":{"line":21,"column":8},"end":{"line":21,"column":13}},{"start":{"line":21,"column":17},"end":{"line":21,"column":28}}],"line":21},"5":{"loc":{"start":{"line":39,"column":4},"end":{"line":41,"column":5}},"type":"if","locations":[{"start":{"line":39,"column":4},"end":{"line":41,"column":5}},{"start":{},"end":{}}],"line":39},"6":{"loc":{"start":{"line":39,"column":8},"end":{"line":39,"column":41}},"type":"binary-expr","locations":[{"start":{"line":39,"column":8},"end":{"line":39,"column":17}},{"start":{"line":39,"column":21},"end":{"line":39,"column":41}}],"line":39},"7":{"loc":{"start":{"line":43,"column":4},"end":{"line":45,"column":5}},"type":"if","locations":[{"start":{"line":43,"column":4},"end":{"line":45,"column":5}},{"start":{},"end":{}}],"line":43},"8":{"loc":{"start":{"line":53,"column":2},"end":{"line":55,"column":3}},"type":"if","locations":[{"start":{"line":53,"column":2},"end":{"line":55,"column":3}},{"start":{},"end":{}}],"line":53},"9":{"loc":{"start":{"line":53,"column":6},"end":{"line":53,"column":45}},"type":"binary-expr","locations":[{"start":{"line":53,"column":6},"end":{"line":53,"column":15}},{"start":{"line":53,"column":19},"end":{"line":53,"column":45}}],"line":53}},"s":{"0":2,"1":2,"2":2,"3":2,"4":2,"5":20,"6":20,"7":2,"8":18,"9":18,"10":18,"11":17,"12":17,"13":0,"14":17,"15":17,"16":17,"17":17,"18":1,"19":2,"20":2,"21":0,"22":0,"23":0,"24":0,"25":0,"26":2,"27":0,"28":0,"29":0,"30":2,"31":5,"32":2},"f":{"0":20,"1":2,"2":0,"3":0,"4":5},"b":{"0":[2,2],"1":[2,18],"2":[20,18],"3":[0,17],"4":[17,17],"5":[0,0],"6":[0,0],"7":[0,0],"8":[0,0],"9":[0,0]},"_coverageSchema":"1a1c01bbd47fc00a2c39e90264f33305004495a9","hash":"0a57a76d03d446f719f4e6682fd851757e7fbc4d"}
,"/Users/caesar/Downloads/aquatrans/backend/src/routes/admin.js": {"path":"/Users/caesar/Downloads/aquatrans/backend/src/routes/admin.js","statementMap":{"0":{"start":{"line":1,"column":16},"end":{"line":1,"column":34}},"1":{"start":{"line":2,"column":15},"end":{"line":2,"column":31}},"2":{"start":{"line":3,"column":46},"end":{"line":3,"column":75}},"3":{"start":{"line":4,"column":75},"end":{"line":4,"column":99}},"4":{"start":{"line":5,"column":18},"end":{"line":5,"column":44}},"5":{"start":{"line":8,"column":0},"end":{"line":15,"column":3}},"6":{"start":{"line":9,"column":2},"end":{"line":11,"column":3}},"7":{"start":{"line":10,"column":4},"end":{"line":10,"column":60}},"8":{"start":{"line":13,"column":16},"end":{"line":13,"column":29}},"9":{"start":{"line":14,"column":2},"end":{"line":14,"column":18}},"10":{"start":{"line":18,"column":0},"end":{"line":31,"column":3}},"11":{"start":{"line":19,"column":42},"end":{"line":19,"column":50}},"12":{"start":{"line":21,"column":2},"end":{"line":23,"column":3}},"13":{"start":{"line":22,"column":4},"end":{"line":22,"column":79}},"14":{"start":{"line":25,"column":2},"end":{"line":27,"column":3}},"15":{"start":{"line":26,"column":4},"end":{"line":26,"column":60}},"16":{"start":{"line":29,"column":18},"end":{"line":29,"column":61}},"17":{"start":{"line":30,"column":2},"end":{"line":30,"column":69}},"18":{"start":{"line":34,"column":0},"end":{"line":45,"column":3}},"19":{"start":{"line":35,"column":17},"end":{"line":35,"column":27}},"20":{"start":{"line":36,"column":18},"end":{"line":36,"column":26}},"21":{"start":{"line":38,"column":22},"end":{"line":38,"column":45}},"22":{"start":{"line":40,"column":2},"end":{"line":42,"column":3}},"23":{"start":{"line":41,"column":4},"end":{"line":41,"column":69}},"24":{"start":{"line":44,"column":2},"end":{"line":44,"column":65}},"25":{"start":{"line":48,"column":0},"end":{"line":55,"column":3}},"26":{"start":{"line":49,"column":2},"end":{"line":51,"column":3}},"27":{"start":{"line":50,"column":4},"end":{"line":50,"column":60}},"28":{"start":{"line":53,"column":19},"end":{"line":53,"column":32}},"29":{"start":{"line":54,"column":2},"end":{"line":54,"column":21}},"30":{"start":{"line":58,"column":0},"end":{"line":71,"column":3}},"31":{"start":{"line":59,"column":2},"end":{"line":61,"column":3}},"32":{"start":{"line":60,"column":4},"end":{"line":60,"column":60}},"33":{"start":{"line":63,"column":18},"end":{"line":63,"column":45}},"34":{"start":{"line":65,"column":2},"end":{"line":67,"column":3}},"35":{"start":{"line":66,"column":4},"end":{"line":66,"column":67}},"36":{"start":{"line":69,"column":39},"end":{"line":69,"column":46}},"37":{"start":{"line":70,"column":2},"end":{"line":70,"column":24}},"38":{"start":{"line":74,"column":0},"end":{"line":95,"column":3}},"39":{"start":{"line":75,"column":17},"end":{"line":75,"column":27}},"40":{"start":{"line":76,"column":40},"end":{"line":76,"column":48}},"41":{"start":{"line":78,"column":18},"end":{"line":78,"column":34}},"42":{"start":{"line":80,"column":2},"end":{"line":82,"column":3}},"43":{"start":{"line":81,"column":4},"end":{"line":81,"column":67}},"44":{"start":{"line":84,"column":2},"end":{"line":86,"column":3}},"45":{"start":{"line":85,"column":4},"end":{"line":85,"column":39}},"46":{"start":{"line":88,"column":2},"end":{"line":90,"column":3}},"47":{"start":{"line":89,"column":4},"end":{"line":89,"column":34}},"48":{"start":{"line":92,"column":2},"end":{"line":92,"column":63}},"49":{"start":{"line":94,"column":2},"end":{"line":94,"column":76}},"50":{"start":{"line":98,"column":0},"end":{"line":127,"column":3}},"51":{"start":{"line":99,"column":17},"end":{"line":99,"column":27}},"52":{"start":{"line":100,"column":37},"end":{"line":100,"column":45}},"53":{"start":{"line":103,"column":2},"end":{"line":105,"column":3}},"54":{"start":{"line":104,"column":4},"end":{"line":104,"column":84}},"55":{"start":{"line":107,"column":18},"end":{"line":107,"column":34}},"56":{"start":{"line":109,"column":2},"end":{"line":111,"column":3}},"57":{"start":{"line":110,"column":4},"end":{"line":110,"column":67}},"58":{"start":{"line":113,"column":2},"end":{"line":115,"column":3}},"59":{"start":{"line":114,"column":4},"end":{"line":114,"column":58}},"60":{"start":{"line":117,"column":2},"end":{"line":119,"column":3}},"61":{"start":{"line":118,"column":4},"end":{"line":118,"column":53}},"62":{"start":{"line":121,"column":2},"end":{"line":121,"column":79}},"63":{"start":{"line":123,"column":2},"end":{"line":126,"column":5}},"64":{"start":{"line":130,"column":0},"end":{"line":147,"column":3}},"65":{"start":{"line":131,"column":2},"end":{"line":133,"column":3}},"66":{"start":{"line":132,"column":4},"end":{"line":132,"column":60}},"67":{"start":{"line":135,"column":19},"end":{"line":135,"column":32}},"68":{"start":{"line":136,"column":19},"end":{"line":136,"column":32}},"69":{"start":{"line":138,"column":16},"end":{"line":144,"column":3}},"70":{"start":{"line":141,"column":39},"end":{"line":141,"column":46}},"71":{"start":{"line":142,"column":42},"end":{"line":142,"column":84}},"72":{"start":{"line":143,"column":46},"end":{"line":143,"column":90}},"73":{"start":{"line":146,"column":2},"end":{"line":146,"column":18}},"74":{"start":{"line":149,"column":0},"end":{"line":149,"column":24}}},"fnMap":{"0":{"name":"(anonymous_0)","decl":{"start":{"line":8,"column":35},"end":{"line":8,"column":36}},"loc":{"start":{"line":8,"column":49},"end":{"line":15,"column":1}},"line":8},"1":{"name":"(anonymous_1)","decl":{"start":{"line":18,"column":46},"end":{"line":18,"column":47}},"loc":{"start":{"line":18,"column":60},"end":{"line":31,"column":1}},"line":18},"2":{"name":"(anonymous_2)","decl":{"start":{"line":34,"column":49},"end":{"line":34,"column":50}},"loc":{"start":{"line":34,"column":63},"end":{"line":45,"column":1}},"line":34},"3":{"name":"(anonymous_3)","decl":{"start":{"line":48,"column":38},"end":{"line":48,"column":39}},"loc":{"start":{"line":48,"column":52},"end":{"line":55,"column":1}},"line":48},"4":{"name":"(anonymous_4)","decl":{"start":{"line":58,"column":42},"end":{"line":58,"column":43}},"loc":{"start":{"line":58,"column":56},"end":{"line":71,"column":1}},"line":58},"5":{"name":"(anonymous_5)","decl":{"start":{"line":74,"column":80},"end":{"line":74,"column":81}},"loc":{"start":{"line":74,"column":94},"end":{"line":95,"column":1}},"line":74},"6":{"name":"(anonymous_6)","decl":{"start":{"line":98,"column":88},"end":{"line":98,"column":89}},"loc":{"start":{"line":98,"column":102},"end":{"line":127,"column":1}},"line":98},"7":{"name":"(anonymous_7)","decl":{"start":{"line":130,"column":35},"end":{"line":130,"column":36}},"loc":{"start":{"line":130,"column":49},"end":{"line":147,"column":1}},"line":130},"8":{"name":"(anonymous_8)","decl":{"start":{"line":141,"column":34},"end":{"line":141,"column":35}},"loc":{"start":{"line":141,"column":39},"end":{"line":141,"column":46}},"line":141},"9":{"name":"(anonymous_9)","decl":{"start":{"line":142,"column":37},"end":{"line":142,"column":38}},"loc":{"start":{"line":142,"column":42},"end":{"line":142,"column":84}},"line":142},"10":{"name":"(anonymous_10)","decl":{"start":{"line":143,"column":41},"end":{"line":143,"column":42}},"loc":{"start":{"line":143,"column":46},"end":{"line":143,"column":90}},"line":143}},"branchMap":{"0":{"loc":{"start":{"line":9,"column":2},"end":{"line":11,"column":3}},"type":"if","locations":[{"start":{"line":9,"column":2},"end":{"line":11,"column":3}},{"start":{},"end":{}}],"line":9},"1":{"loc":{"start":{"line":21,"column":2},"end":{"line":23,"column":3}},"type":"if","locations":[{"start":{"line":21,"column":2},"end":{"line":23,"column":3}},{"start":{},"end":{}}],"line":21},"2":{"loc":{"start":{"line":21,"column":6},"end":{"line":21,"column":43}},"type":"binary-expr","locations":[{"start":{"line":21,"column":6},"end":{"line":21,"column":11}},{"start":{"line":21,"column":15},"end":{"line":21,"column":21}},{"start":{"line":21,"column":25},"end":{"line":21,"column":34}},{"start":{"line":21,"column":38},"end":{"line":21,"column":43}}],"line":21},"3":{"loc":{"start":{"line":25,"column":2},"end":{"line":27,"column":3}},"type":"if","locations":[{"start":{"line":25,"column":2},"end":{"line":27,"column":3}},{"start":{},"end":{}}],"line":25},"4":{"loc":{"start":{"line":40,"column":2},"end":{"line":42,"column":3}},"type":"if","locations":[{"start":{"line":40,"column":2},"end":{"line":42,"column":3}},{"start":{},"end":{}}],"line":40},"5":{"loc":{"start":{"line":49,"column":2},"end":{"line":51,"column":3}},"type":"if","locations":[{"start":{"line":49,"column":2},"end":{"line":51,"column":3}},{"start":{},"end":{}}],"line":49},"6":{"loc":{"start":{"line":49,"column":6},"end":{"line":49,"column":78}},"type":"binary-expr","locations":[{"start":{"line":49,"column":6},"end":{"line":49,"column":44}},{"start":{"line":49,"column":48},"end":{"line":49,"column":78}}],"line":49},"7":{"loc":{"start":{"line":59,"column":2},"end":{"line":61,"column":3}},"type":"if","locations":[{"start":{"line":59,"column":2},"end":{"line":61,"column":3}},{"start":{},"end":{}}],"line":59},"8":{"loc":{"start":{"line":59,"column":6},"end":{"line":59,"column":78}},"type":"binary-expr","locations":[{"start":{"line":59,"column":6},"end":{"line":59,"column":44}},{"start":{"line":59,"column":48},"end":{"line":59,"column":78}}],"line":59},"9":{"loc":{"start":{"line":65,"column":2},"end":{"line":67,"column":3}},"type":"if","locations":[{"start":{"line":65,"column":2},"end":{"line":67,"column":3}},{"start":{},"end":{}}],"line":65},"10":{"loc":{"start":{"line":65,"column":6},"end":{"line":65,"column":46}},"type":"binary-expr","locations":[{"start":{"line":65,"column":6},"end":{"line":65,"column":14}},{"start":{"line":65,"column":18},"end":{"line":65,"column":46}}],"line":65},"11":{"loc":{"start":{"line":80,"column":2},"end":{"line":82,"column":3}},"type":"if","locations":[{"start":{"line":80,"column":2},"end":{"line":82,"column":3}},{"start":{},"end":{}}],"line":80},"12":{"loc":{"start":{"line":80,"column":6},"end":{"line":80,"column":46}},"type":"binary-expr","locations":[{"start":{"line":80,"column":6},"end":{"line":80,"column":14}},{"start":{"line":80,"column":18},"end":{"line":80,"column":46}}],"line":80},"13":{"loc":{"start":{"line":84,"column":2},"end":{"line":86,"column":3}},"type":"if","locations":[{"start":{"line":84,"column":2},"end":{"line":86,"column":3}},{"start":{},"end":{}}],"line":84},"14":{"loc":{"start":{"line":88,"column":2},"end":{"line":90,"column":3}},"type":"if","locations":[{"start":{"line":88,"column":2},"end":{"line":90,"column":3}},{"start":{},"end":{}}],"line":88},"15":{"loc":{"start":{"line":103,"column":2},"end":{"line":105,"column":3}},"type":"if","locations":[{"start":{"line":103,"column":2},"end":{"line":105,"column":3}},{"start":{},"end":{}}],"line":103},"16":{"loc":{"start":{"line":103,"column":6},"end":{"line":103,"column":82}},"type":"binary-expr","locations":[{"start":{"line":103,"column":6},"end":{"line":103,"column":48}},{"start":{"line":103,"column":52},"end":{"line":103,"column":82}}],"line":103},"17":{"loc":{"start":{"line":109,"column":2},"end":{"line":111,"column":3}},"type":"if","locations":[{"start":{"line":109,"column":2},"end":{"line":111,"column":3}},{"start":{},"end":{}}],"line":109},"18":{"loc":{"start":{"line":109,"column":6},"end":{"line":109,"column":46}},"type":"binary-expr","locations":[{"start":{"line":109,"column":6},"end":{"line":109,"column":14}},{"start":{"line":109,"column":18},"end":{"line":109,"column":46}}],"line":109},"19":{"loc":{"start":{"line":113,"column":2},"end":{"line":115,"column":3}},"type":"if","locations":[{"start":{"line":113,"column":2},"end":{"line":115,"column":3}},{"start":{},"end":{}}],"line":113},"20":{"loc":{"start":{"line":117,"column":2},"end":{"line":119,"column":3}},"type":"if","locations":[{"start":{"line":117,"column":2},"end":{"line":119,"column":3}},{"start":{},"end":{}}],"line":117},"21":{"loc":{"start":{"line":131,"column":2},"end":{"line":133,"column":3}},"type":"if","locations":[{"start":{"line":131,"column":2},"end":{"line":133,"column":3}},{"start":{},"end":{}}],"line":131}},"s":{"0":1,"1":1,"2":1,"3":1,"4":1,"5":1,"6":1,"7":0,"8":1,"9":1,"10":1,"11":0,"12":0,"13":0,"14":0,"15":0,"16":0,"17":0,"18":1,"19":0,"20":0,"21":0,"22":0,"23":0,"24":0,"25":1,"26":2,"27":0,"28":2,"29":2,"30":1,"31":0,"32":0,"33":0,"34":0,"35":0,"36":0,"37":0,"38":1,"39":0,"40":0,"41":0,"42":0,"43":0,"44":0,"45":0,"46":0,"47":0,"48":0,"49":0,"50":1,"51":0,"52":0,"53":0,"54":0,"55":0,"56":0,"57":0,"58":0,"59":0,"60":0,"61":0,"62":0,"63":0,"64":1,"65":2,"66":1,"67":1,"68":1,"69":1,"70":1,"71":1,"72":1,"73":1,"74":1},"f":{"0":1,"1":0,"2":0,"3":2,"4":0,"5":0,"6":0,"7":2,"8":1,"9":1,"10":1},"b":{"0":[0,1],"1":[0,0],"2":[0,0,0,0],"3":[0,0],"4":[0,0],"5":[0,2],"6":[2,0],"7":[0,0],"8":[0,0],"9":[0,0],"10":[0,0],"11":[0,0],"12":[0,0],"13":[0,0],"14":[0,0],"15":[0,0],"16":[0,0],"17":[0,0],"18":[0,0],"19":[0,0],"20":[0,0],"21":[1,1]},"_coverageSchema":"1a1c01bbd47fc00a2c39e90264f33305004495a9","hash":"9af1149225e37338ab88f462251ecbf14e826de5"}
,"/Users/caesar/Downloads/aquatrans/backend/src/routes/aluno.js": {"path":"/Users/caesar/Downloads/aquatrans/backend/src/routes/aluno.js","statementMap":{"0":{"start":{"line":1,"column":16},"end":{"line":1,"column":34}},"1":{"start":{"line":2,"column":15},"end":{"line":2,"column":31}},"2":{"start":{"line":3,"column":25},"end":{"line":3,"column":54}},"3":{"start":{"line":4,"column":37},"end":{"line":4,"column":61}},"4":{"start":{"line":5,"column":18},"end":{"line":5,"column":44}},"5":{"start":{"line":6,"column":23},"end":{"line":6,"column":38}},"6":{"start":{"line":9,"column":16},"end":{"line":14,"column":1}},"7":{"start":{"line":10,"column":2},"end":{"line":12,"column":3}},"8":{"start":{"line":11,"column":4},"end":{"line":11,"column":71}},"9":{"start":{"line":13,"column":2},"end":{"line":13,"column":9}},"10":{"start":{"line":17,"column":0},"end":{"line":21,"column":3}},"11":{"start":{"line":18,"column":15},"end":{"line":18,"column":40}},"12":{"start":{"line":19,"column":36},"end":{"line":19,"column":40}},"13":{"start":{"line":20,"column":2},"end":{"line":20,"column":21}},"14":{"start":{"line":24,"column":0},"end":{"line":32,"column":3}},"15":{"start":{"line":25,"column":15},"end":{"line":25,"column":40}},"16":{"start":{"line":27,"column":2},"end":{"line":29,"column":3}},"17":{"start":{"line":28,"column":4},"end":{"line":28,"column":24}},"18":{"start":{"line":31,"column":2},"end":{"line":31,"column":34}},"19":{"start":{"line":35,"column":0},"end":{"line":62,"column":3}},"20":{"start":{"line":36,"column":15},"end":{"line":36,"column":40}},"21":{"start":{"line":38,"column":2},"end":{"line":46,"column":3}},"22":{"start":{"line":39,"column":4},"end":{"line":45,"column":7}},"23":{"start":{"line":48,"column":16},"end":{"line":48,"column":37}},"24":{"start":{"line":49,"column":20},"end":{"line":49,"column":56}},"25":{"start":{"line":49,"column":38},"end":{"line":49,"column":48}},"26":{"start":{"line":50,"column":17},"end":{"line":50,"column":54}},"27":{"start":{"line":50,"column":35},"end":{"line":50,"column":46}},"28":{"start":{"line":52,"column":2},"end":{"line":61,"column":5}},"29":{"start":{"line":57,"column":34},"end":{"line":57,"column":45}},"30":{"start":{"line":57,"column":57},"end":{"line":60,"column":5}},"31":{"start":{"line":65,"column":0},"end":{"line":73,"column":3}},"32":{"start":{"line":66,"column":15},"end":{"line":66,"column":40}},"33":{"start":{"line":68,"column":2},"end":{"line":70,"column":3}},"34":{"start":{"line":69,"column":4},"end":{"line":69,"column":24}},"35":{"start":{"line":72,"column":2},"end":{"line":72,"column":39}},"36":{"start":{"line":76,"column":0},"end":{"line":97,"column":3}},"37":{"start":{"line":77,"column":15},"end":{"line":77,"column":40}},"38":{"start":{"line":79,"column":2},"end":{"line":81,"column":3}},"39":{"start":{"line":80,"column":4},"end":{"line":80,"column":26}},"40":{"start":{"line":83,"column":19},"end":{"line":83,"column":80}},"41":{"start":{"line":83,"column":56},"end":{"line":83,"column":79}},"42":{"start":{"line":85,"column":2},"end":{"line":87,"column":3}},"43":{"start":{"line":86,"column":4},"end":{"line":86,"column":26}},"44":{"start":{"line":90,"column":2},"end":{"line":96,"column":5}},"45":{"start":{"line":100,"column":0},"end":{"line":133,"column":3}},"46":{"start":{"line":101,"column":31},"end":{"line":101,"column":39}},"47":{"start":{"line":102,"column":15},"end":{"line":102,"column":40}},"48":{"start":{"line":104,"column":2},"end":{"line":106,"column":3}},"49":{"start":{"line":105,"column":4},"end":{"line":105,"column":74}},"50":{"start":{"line":108,"column":25},"end":{"line":110,"column":3}},"51":{"start":{"line":109,"column":9},"end":{"line":109,"column":49}},"52":{"start":{"line":112,"column":2},"end":{"line":114,"column":3}},"53":{"start":{"line":113,"column":4},"end":{"line":113,"column":82}},"54":{"start":{"line":117,"column":2},"end":{"line":123,"column":4}},"55":{"start":{"line":126,"column":22},"end":{"line":126,"column":83}},"56":{"start":{"line":126,"column":59},"end":{"line":126,"column":82}},"57":{"start":{"line":127,"column":2},"end":{"line":127,"column":72}},"58":{"start":{"line":129,"column":2},"end":{"line":132,"column":5}},"59":{"start":{"line":136,"column":0},"end":{"line":144,"column":3}},"60":{"start":{"line":137,"column":15},"end":{"line":137,"column":40}},"61":{"start":{"line":139,"column":2},"end":{"line":141,"column":3}},"62":{"start":{"line":140,"column":4},"end":{"line":140,"column":24}},"63":{"start":{"line":143,"column":2},"end":{"line":143,"column":53}},"64":{"start":{"line":147,"column":0},"end":{"line":173,"column":3}},"65":{"start":{"line":148,"column":31},"end":{"line":148,"column":39}},"66":{"start":{"line":149,"column":15},"end":{"line":149,"column":40}},"67":{"start":{"line":151,"column":2},"end":{"line":153,"column":3}},"68":{"start":{"line":152,"column":4},"end":{"line":152,"column":25}},"69":{"start":{"line":155,"column":2},"end":{"line":157,"column":3}},"70":{"start":{"line":156,"column":4},"end":{"line":156,"column":50}},"71":{"start":{"line":159,"column":22},"end":{"line":165,"column":3}},"72":{"start":{"line":167,"column":2},"end":{"line":167,"column":61}},"73":{"start":{"line":169,"column":2},"end":{"line":172,"column":5}},"74":{"start":{"line":175,"column":0},"end":{"line":175,"column":24}}},"fnMap":{"0":{"name":"(anonymous_0)","decl":{"start":{"line":9,"column":16},"end":{"line":9,"column":17}},"loc":{"start":{"line":9,"column":36},"end":{"line":14,"column":1}},"line":9},"1":{"name":"(anonymous_1)","decl":{"start":{"line":17,"column":49},"end":{"line":17,"column":50}},"loc":{"start":{"line":17,"column":63},"end":{"line":21,"column":1}},"line":17},"2":{"name":"(anonymous_2)","decl":{"start":{"line":24,"column":44},"end":{"line":24,"column":45}},"loc":{"start":{"line":24,"column":58},"end":{"line":32,"column":1}},"line":24},"3":{"name":"(anonymous_3)","decl":{"start":{"line":35,"column":50},"end":{"line":35,"column":51}},"loc":{"start":{"line":35,"column":64},"end":{"line":62,"column":1}},"line":35},"4":{"name":"(anonymous_4)","decl":{"start":{"line":49,"column":33},"end":{"line":49,"column":34}},"loc":{"start":{"line":49,"column":38},"end":{"line":49,"column":48}},"line":49},"5":{"name":"(anonymous_5)","decl":{"start":{"line":50,"column":30},"end":{"line":50,"column":31}},"loc":{"start":{"line":50,"column":35},"end":{"line":50,"column":46}},"line":50},"6":{"name":"(anonymous_6)","decl":{"start":{"line":57,"column":29},"end":{"line":57,"column":30}},"loc":{"start":{"line":57,"column":34},"end":{"line":57,"column":45}},"line":57},"7":{"name":"(anonymous_7)","decl":{"start":{"line":57,"column":51},"end":{"line":57,"column":52}},"loc":{"start":{"line":57,"column":57},"end":{"line":60,"column":5}},"line":57},"8":{"name":"(anonymous_8)","decl":{"start":{"line":65,"column":49},"end":{"line":65,"column":50}},"loc":{"start":{"line":65,"column":63},"end":{"line":73,"column":1}},"line":65},"9":{"name":"(anonymous_9)","decl":{"start":{"line":76,"column":57},"end":{"line":76,"column":58}},"loc":{"start":{"line":76,"column":71},"end":{"line":97,"column":1}},"line":76},"10":{"name":"(anonymous_10)","decl":{"start":{"line":83,"column":51},"end":{"line":83,"column":52}},"loc":{"start":{"line":83,"column":56},"end":{"line":83,"column":79}},"line":83},"11":{"name":"(anonymous_11)","decl":{"start":{"line":100,"column":49},"end":{"line":100,"column":50}},"loc":{"start":{"line":100,"column":63},"end":{"line":133,"column":1}},"line":100},"12":{"name":"(anonymous_12)","decl":{"start":{"line":109,"column":4},"end":{"line":109,"column":5}},"loc":{"start":{"line":109,"column":9},"end":{"line":109,"column":49}},"line":109},"13":{"name":"(anonymous_13)","decl":{"start":{"line":126,"column":54},"end":{"line":126,"column":55}},"loc":{"start":{"line":126,"column":59},"end":{"line":126,"column":82}},"line":126},"14":{"name":"(anonymous_14)","decl":{"start":{"line":136,"column":51},"end":{"line":136,"column":52}},"loc":{"start":{"line":136,"column":65},"end":{"line":144,"column":1}},"line":136},"15":{"name":"(anonymous_15)","decl":{"start":{"line":147,"column":62},"end":{"line":147,"column":63}},"loc":{"start":{"line":147,"column":76},"end":{"line":173,"column":1}},"line":147}},"branchMap":{"0":{"loc":{"start":{"line":10,"column":2},"end":{"line":12,"column":3}},"type":"if","locations":[{"start":{"line":10,"column":2},"end":{"line":12,"column":3}},{"start":{},"end":{}}],"line":10},"1":{"loc":{"start":{"line":27,"column":2},"end":{"line":29,"column":3}},"type":"if","locations":[{"start":{"line":27,"column":2},"end":{"line":29,"column":3}},{"start":{},"end":{}}],"line":27},"2":{"loc":{"start":{"line":38,"column":2},"end":{"line":46,"column":3}},"type":"if","locations":[{"start":{"line":38,"column":2},"end":{"line":46,"column":3}},{"start":{},"end":{}}],"line":38},"3":{"loc":{"start":{"line":56,"column":24},"end":{"line":56,"column":91}},"type":"cond-expr","locations":[{"start":{"line":56,"column":43},"end":{"line":56,"column":87}},{"start":{"line":56,"column":90},"end":{"line":56,"column":91}}],"line":56},"4":{"loc":{"start":{"line":68,"column":2},"end":{"line":70,"column":3}},"type":"if","locations":[{"start":{"line":68,"column":2},"end":{"line":70,"column":3}},{"start":{},"end":{}}],"line":68},"5":{"loc":{"start":{"line":79,"column":2},"end":{"line":81,"column":3}},"type":"if","locations":[{"start":{"line":79,"column":2},"end":{"line":81,"column":3}},{"start":{},"end":{}}],"line":79},"6":{"loc":{"start":{"line":85,"column":2},"end":{"line":87,"column":3}},"type":"if","locations":[{"start":{"line":85,"column":2},"end":{"line":87,"column":3}},{"start":{},"end":{}}],"line":85},"7":{"loc":{"start":{"line":104,"column":2},"end":{"line":106,"column":3}},"type":"if","locations":[{"start":{"line":104,"column":2},"end":{"line":106,"column":3}},{"start":{},"end":{}}],"line":104},"8":{"loc":{"start":{"line":109,"column":9},"end":{"line":109,"column":49}},"type":"binary-expr","locations":[{"start":{"line":109,"column":9},"end":{"line":109,"column":22}},{"start":{"line":109,"column":26},"end":{"line":109,"column":49}}],"line":109},"9":{"loc":{"start":{"line":112,"column":2},"end":{"line":114,"column":3}},"type":"if","locations":[{"start":{"line":112,"column":2},"end":{"line":114,"column":3}},{"start":{},"end":{}}],"line":112},"10":{"loc":{"start":{"line":127,"column":36},"end":{"line":127,"column":71}},"type":"cond-expr","locations":[{"start":{"line":127,"column":50},"end":{"line":127,"column":60}},{"start":{"line":127,"column":63},"end":{"line":127,"column":71}}],"line":127},"11":{"loc":{"start":{"line":139,"column":2},"end":{"line":141,"column":3}},"type":"if","locations":[{"start":{"line":139,"column":2},"end":{"line":141,"column":3}},{"start":{},"end":{}}],"line":139},"12":{"loc":{"start":{"line":151,"column":2},"end":{"line":153,"column":3}},"type":"if","locations":[{"start":{"line":151,"column":2},"end":{"line":153,"column":3}},{"start":{},"end":{}}],"line":151},"13":{"loc":{"start":{"line":155,"column":2},"end":{"line":157,"column":3}},"type":"if","locations":[{"start":{"line":155,"column":2},"end":{"line":157,"column":3}},{"start":{},"end":{}}],"line":155},"14":{"loc":{"start":{"line":163,"column":14},"end":{"line":163,"column":34}},"type":"binary-expr","locations":[{"start":{"line":163,"column":14},"end":{"line":163,"column":22}},{"start":{"line":163,"column":26},"end":{"line":163,"column":34}}],"line":163}},"s":{"0":1,"1":1,"2":1,"3":1,"4":1,"5":1,"6":1,"7":4,"8":1,"9":3,"10":1,"11":1,"12":1,"13":1,"14":1,"15":0,"16":0,"17":0,"18":0,"19":1,"20":1,"21":1,"22":0,"23":1,"24":1,"25":3,"26":1,"27":3,"28":1,"29":3,"30":2,"31":1,"32":1,"33":1,"34":0,"35":1,"36":1,"37":0,"38":0,"39":0,"40":0,"41":0,"42":0,"43":0,"44":0,"45":1,"46":0,"47":0,"48":0,"49":0,"50":0,"51":0,"52":0,"53":0,"54":0,"55":0,"56":0,"57":0,"58":0,"59":1,"60":0,"61":0,"62":0,"63":0,"64":1,"65":0,"66":0,"67":0,"68":0,"69":0,"70":0,"71":0,"72":0,"73":0,"74":1},"f":{"0":4,"1":1,"2":0,"3":1,"4":3,"5":3,"6":3,"7":2,"8":1,"9":0,"10":0,"11":0,"12":0,"13":0,"14":0,"15":0},"b":{"0":[1,3],"1":[0,0],"2":[0,1],"3":[1,0],"4":[0,1],"5":[0,0],"6":[0,0],"7":[0,0],"8":[0,0],"9":[0,0],"10":[0,0],"11":[0,0],"12":[0,0],"13":[0,0],"14":[0,0]},"_coverageSchema":"1a1c01bbd47fc00a2c39e90264f33305004495a9","hash":"bf5a9c3c461d87833f28ce79413d0e517e3bebcc"}
,"/Users/caesar/Downloads/aquatrans/backend/src/routes/auth.js": {"path":"/Users/caesar/Downloads/aquatrans/backend/src/routes/auth.js","statementMap":{"0":{"start":{"line":1,"column":16},"end":{"line":1,"column":34}},"1":{"start":{"line":2,"column":15},"end":{"line":2,"column":34}},"2":{"start":{"line":3,"column":15},"end":{"line":3,"column":31}},"3":{"start":{"line":4,"column":66},"end":{"line":4,"column":90}},"4":{"start":{"line":5,"column":40},"end":{"line":5,"column":69}},"5":{"start":{"line":6,"column":31},"end":{"line":6,"column":57}},"6":{"start":{"line":9,"column":0},"end":{"line":44,"column":3}},"7":{"start":{"line":10,"column":30},"end":{"line":10,"column":38}},"8":{"start":{"line":12,"column":2},"end":{"line":14,"column":3}},"9":{"start":{"line":13,"column":4},"end":{"line":13,"column":77}},"10":{"start":{"line":16,"column":15},"end":{"line":16,"column":37}},"11":{"start":{"line":18,"column":2},"end":{"line":20,"column":3}},"12":{"start":{"line":19,"column":4},"end":{"line":19,"column":72}},"13":{"start":{"line":22,"column":2},"end":{"line":24,"column":3}},"14":{"start":{"line":23,"column":4},"end":{"line":23,"column":65}},"15":{"start":{"line":26,"column":26},"end":{"line":26,"column":69}},"16":{"start":{"line":28,"column":2},"end":{"line":30,"column":3}},"17":{"start":{"line":29,"column":4},"end":{"line":29,"column":72}},"18":{"start":{"line":32,"column":16},"end":{"line":32,"column":35}},"19":{"start":{"line":33,"column":22},"end":{"line":33,"column":44}},"20":{"start":{"line":36,"column":50},"end":{"line":36,"column":54}},"21":{"start":{"line":38,"column":2},"end":{"line":43,"column":5}},"22":{"start":{"line":47,"column":0},"end":{"line":52,"column":3}},"23":{"start":{"line":48,"column":2},"end":{"line":51,"column":5}},"24":{"start":{"line":55,"column":0},"end":{"line":72,"column":3}},"25":{"start":{"line":56,"column":45},"end":{"line":56,"column":53}},"26":{"start":{"line":58,"column":22},"end":{"line":62,"column":4}},"27":{"start":{"line":64,"column":2},"end":{"line":66,"column":3}},"28":{"start":{"line":65,"column":4},"end":{"line":65,"column":69}},"29":{"start":{"line":68,"column":2},"end":{"line":71,"column":5}},"30":{"start":{"line":75,"column":0},"end":{"line":96,"column":3}},"31":{"start":{"line":76,"column":36},"end":{"line":76,"column":44}},"32":{"start":{"line":78,"column":2},"end":{"line":80,"column":3}},"33":{"start":{"line":79,"column":4},"end":{"line":79,"column":88}},"34":{"start":{"line":82,"column":2},"end":{"line":84,"column":3}},"35":{"start":{"line":83,"column":4},"end":{"line":83,"column":90}},"36":{"start":{"line":86,"column":15},"end":{"line":86,"column":40}},"37":{"start":{"line":87,"column":26},"end":{"line":87,"column":71}},"38":{"start":{"line":89,"column":2},"end":{"line":91,"column":3}},"39":{"start":{"line":90,"column":4},"end":{"line":90,"column":68}},"40":{"start":{"line":93,"column":2},"end":{"line":93,"column":51}},"41":{"start":{"line":95,"column":2},"end":{"line":95,"column":54}},"42":{"start":{"line":99,"column":0},"end":{"line":106,"column":3}},"43":{"start":{"line":100,"column":16},"end":{"line":103,"column":5}},"44":{"start":{"line":100,"column":67},"end":{"line":103,"column":3}},"45":{"start":{"line":105,"column":2},"end":{"line":105,"column":18}},"46":{"start":{"line":108,"column":0},"end":{"line":108,"column":24}}},"fnMap":{"0":{"name":"(anonymous_0)","decl":{"start":{"line":9,"column":22},"end":{"line":9,"column":23}},"loc":{"start":{"line":9,"column":36},"end":{"line":44,"column":1}},"line":9},"1":{"name":"(anonymous_1)","decl":{"start":{"line":47,"column":32},"end":{"line":47,"column":33}},"loc":{"start":{"line":47,"column":46},"end":{"line":52,"column":1}},"line":47},"2":{"name":"(anonymous_2)","decl":{"start":{"line":55,"column":32},"end":{"line":55,"column":33}},"loc":{"start":{"line":55,"column":46},"end":{"line":72,"column":1}},"line":55},"3":{"name":"(anonymous_3)","decl":{"start":{"line":75,"column":45},"end":{"line":75,"column":46}},"loc":{"start":{"line":75,"column":59},"end":{"line":96,"column":1}},"line":75},"4":{"name":"(anonymous_4)","decl":{"start":{"line":99,"column":35},"end":{"line":99,"column":36}},"loc":{"start":{"line":99,"column":49},"end":{"line":106,"column":1}},"line":99},"5":{"name":"(anonymous_5)","decl":{"start":{"line":100,"column":48},"end":{"line":100,"column":49}},"loc":{"start":{"line":100,"column":67},"end":{"line":103,"column":3}},"line":100}},"branchMap":{"0":{"loc":{"start":{"line":12,"column":2},"end":{"line":14,"column":3}},"type":"if","locations":[{"start":{"line":12,"column":2},"end":{"line":14,"column":3}},{"start":{},"end":{}}],"line":12},"1":{"loc":{"start":{"line":12,"column":6},"end":{"line":12,"column":25}},"type":"binary-expr","locations":[{"start":{"line":12,"column":6},"end":{"line":12,"column":12}},{"start":{"line":12,"column":16},"end":{"line":12,"column":25}}],"line":12},"2":{"loc":{"start":{"line":18,"column":2},"end":{"line":20,"column":3}},"type":"if","locations":[{"start":{"line":18,"column":2},"end":{"line":20,"column":3}},{"start":{},"end":{}}],"line":18},"3":{"loc":{"start":{"line":22,"column":2},"end":{"line":24,"column":3}},"type":"if","locations":[{"start":{"line":22,"column":2},"end":{"line":24,"column":3}},{"start":{},"end":{}}],"line":22},"4":{"loc":{"start":{"line":28,"column":2},"end":{"line":30,"column":3}},"type":"if","locations":[{"start":{"line":28,"column":2},"end":{"line":30,"column":3}},{"start":{},"end":{}}],"line":28},"5":{"loc":{"start":{"line":59,"column":10},"end":{"line":59,"column":31}},"type":"binary-expr","locations":[{"start":{"line":59,"column":10},"end":{"line":59,"column":14}},{"start":{"line":59,"column":18},"end":{"line":59,"column":31}}],"line":59},"6":{"loc":{"start":{"line":64,"column":2},"end":{"line":66,"column":3}},"type":"if","locations":[{"start":{"line":64,"column":2},"end":{"line":66,"column":3}},{"start":{},"end":{}}],"line":64},"7":{"loc":{"start":{"line":78,"column":2},"end":{"line":80,"column":3}},"type":"if","locations":[{"start":{"line":78,"column":2},"end":{"line":80,"column":3}},{"start":{},"end":{}}],"line":78},"8":{"loc":{"start":{"line":78,"column":6},"end":{"line":78,"column":31}},"type":"binary-expr","locations":[{"start":{"line":78,"column":6},"end":{"line":78,"column":17}},{"start":{"line":78,"column":21},"end":{"line":78,"column":31}}],"line":78},"9":{"loc":{"start":{"line":82,"column":2},"end":{"line":84,"column":3}},"type":"if","locations":[{"start":{"line":82,"column":2},"end":{"line":84,"column":3}},{"start":{},"end":{}}],"line":82},"10":{"loc":{"start":{"line":89,"column":2},"end":{"line":91,"column":3}},"type":"if","locations":[{"start":{"line":89,"column":2},"end":{"line":91,"column":3}},{"start":{},"end":{}}],"line":89}},"s":{"0":1,"1":1,"2":1,"3":1,"4":1,"5":1,"6":1,"7":4,"8":4,"9":0,"10":4,"11":4,"12":1,"13":3,"14":0,"15":3,"16":3,"17":0,"18":3,"19":3,"20":3,"21":3,"22":1,"23":1,"24":1,"25":0,"26":0,"27":0,"28":0,"29":0,"30":1,"31":0,"32":0,"33":0,"34":0,"35":0,"36":0,"37":0,"38":0,"39":0,"40":0,"41":0,"42":1,"43":0,"44":0,"45":0,"46":1},"f":{"0":4,"1":1,"2":0,"3":0,"4":0,"5":0},"b":{"0":[0,4],"1":[4,4],"2":[1,3],"3":[0,3],"4":[0,3],"5":[0,0],"6":[0,0],"7":[0,0],"8":[0,0],"9":[0,0],"10":[0,0]},"_coverageSchema":"1a1c01bbd47fc00a2c39e90264f33305004495a9","hash":"1129b35f31299a37f68389e3bb3960f19132baad"}
,"/Users/caesar/Downloads/aquatrans/backend/src/routes/index.js": {"path":"/Users/caesar/Downloads/aquatrans/backend/src/routes/index.js","statementMap":{"0":{"start":{"line":1,"column":16},"end":{"line":1,"column":34}},"1":{"start":{"line":2,"column":15},"end":{"line":2,"column":31}},"2":{"start":{"line":5,"column":15},"end":{"line":12,"column":1}},"3":{"start":{"line":15,"column":16},"end":{"line":32,"column":1}},"4":{"start":{"line":35,"column":22},"end":{"line":48,"column":1}},"5":{"start":{"line":51,"column":17},"end":{"line":56,"column":1}},"6":{"start":{"line":59,"column":0},"end":{"line":61,"column":3}},"7":{"start":{"line":60,"column":2},"end":{"line":60,"column":19}},"8":{"start":{"line":63,"column":0},"end":{"line":65,"column":3}},"9":{"start":{"line":64,"column":2},"end":{"line":64,"column":20}},"10":{"start":{"line":67,"column":0},"end":{"line":69,"column":3}},"11":{"start":{"line":68,"column":2},"end":{"line":68,"column":26}},"12":{"start":{"line":71,"column":0},"end":{"line":73,"column":3}},"13":{"start":{"line":72,"column":2},"end":{"line":72,"column":21}},"14":{"start":{"line":76,"column":0},"end":{"line":87,"column":3}},"15":{"start":{"line":77,"column":36},"end":{"line":77,"column":44}},"16":{"start":{"line":79,"column":2},"end":{"line":81,"column":3}},"17":{"start":{"line":80,"column":4},"end":{"line":80,"column":79}},"18":{"start":{"line":84,"column":2},"end":{"line":84,"column":70}},"19":{"start":{"line":86,"column":2},"end":{"line":86,"column":73}},"20":{"start":{"line":89,"column":0},"end":{"line":89,"column":24}}},"fnMap":{"0":{"name":"(anonymous_0)","decl":{"start":{"line":59,"column":22},"end":{"line":59,"column":23}},"loc":{"start":{"line":59,"column":36},"end":{"line":61,"column":1}},"line":59},"1":{"name":"(anonymous_1)","decl":{"start":{"line":63,"column":23},"end":{"line":63,"column":24}},"loc":{"start":{"line":63,"column":37},"end":{"line":65,"column":1}},"line":63},"2":{"name":"(anonymous_2)","decl":{"start":{"line":67,"column":29},"end":{"line":67,"column":30}},"loc":{"start":{"line":67,"column":43},"end":{"line":69,"column":1}},"line":67},"3":{"name":"(anonymous_3)","decl":{"start":{"line":71,"column":24},"end":{"line":71,"column":25}},"loc":{"start":{"line":71,"column":38},"end":{"line":73,"column":1}},"line":71},"4":{"name":"(anonymous_4)","decl":{"start":{"line":76,"column":24},"end":{"line":76,"column":25}},"loc":{"start":{"line":76,"column":38},"end":{"line":87,"column":1}},"line":76}},"branchMap":{"0":{"loc":{"start":{"line":79,"column":2},"end":{"line":81,"column":3}},"type":"if","locations":[{"start":{"line":79,"column":2},"end":{"line":81,"column":3}},{"start":{},"end":{}}],"line":79},"1":{"loc":{"start":{"line":79,"column":6},"end":{"line":79,"column":34}},"type":"binary-expr","locations":[{"start":{"line":79,"column":6},"end":{"line":79,"column":11}},{"start":{"line":79,"column":15},"end":{"line":79,"column":21}},{"start":{"line":79,"column":25},"end":{"line":79,"column":34}}],"line":79}},"s":{"0":1,"1":1,"2":1,"3":1,"4":1,"5":1,"6":1,"7":1,"8":1,"9":1,"10":1,"11":0,"12":1,"13":1,"14":1,"15":0,"16":0,"17":0,"18":0,"19":0,"20":1},"f":{"0":1,"1":1,"2":0,"3":1,"4":0},"b":{"0":[0,0],"1":[0,0,0]},"_coverageSchema":"1a1c01bbd47fc00a2c39e90264f33305004495a9","hash":"42f2c4b8d3e494bd77efa70fcadd09a768ec07f7"}
,"/Users/caesar/Downloads/aquatrans/backend/src/routes/performance.js": {"path":"/Users/caesar/Downloads/aquatrans/backend/src/routes/performance.js","statementMap":{"0":{"start":{"line":1,"column":16},"end":{"line":1,"column":34}},"1":{"start":{"line":2,"column":15},"end":{"line":2,"column":31}},"2":{"start":{"line":3,"column":36},"end":{"line":3,"column":65}},"3":{"start":{"line":4,"column":18},"end":{"line":4,"column":44}},"4":{"start":{"line":5,"column":25},"end":{"line":5,"column":49}},"5":{"start":{"line":17,"column":4},"end":{"line":17,"column":34}},"6":{"start":{"line":20,"column":29},"end":{"line":25,"column":1}},"7":{"start":{"line":21,"column":2},"end":{"line":23,"column":3}},"8":{"start":{"line":22,"column":4},"end":{"line":22,"column":87}},"9":{"start":{"line":24,"column":2},"end":{"line":24,"column":9}},"10":{"start":{"line":30,"column":0},"end":{"line":44,"column":3}},"11":{"start":{"line":31,"column":22},"end":{"line":31,"column":32}},"12":{"start":{"line":33,"column":16},"end":{"line":33,"column":37}},"13":{"start":{"line":34,"column":2},"end":{"line":36,"column":3}},"14":{"start":{"line":35,"column":4},"end":{"line":35,"column":67}},"15":{"start":{"line":38,"column":18},"end":{"line":38,"column":48}},"16":{"start":{"line":40,"column":2},"end":{"line":43,"column":5}},"17":{"start":{"line":47,"column":0},"end":{"line":58,"column":3}},"18":{"start":{"line":48,"column":22},"end":{"line":48,"column":32}},"19":{"start":{"line":49,"column":22},"end":{"line":49,"column":31}},"20":{"start":{"line":51,"column":16},"end":{"line":51,"column":62}},"21":{"start":{"line":53,"column":2},"end":{"line":55,"column":3}},"22":{"start":{"line":54,"column":4},"end":{"line":54,"column":78}},"23":{"start":{"line":57,"column":2},"end":{"line":57,"column":18}},"24":{"start":{"line":61,"column":0},"end":{"line":71,"column":3}},"25":{"start":{"line":62,"column":22},"end":{"line":62,"column":32}},"26":{"start":{"line":63,"column":26},"end":{"line":63,"column":35}},"27":{"start":{"line":65,"column":2},"end":{"line":67,"column":3}},"28":{"start":{"line":66,"column":4},"end":{"line":66,"column":85}},"29":{"start":{"line":69,"column":18},"end":{"line":69,"column":62}},"30":{"start":{"line":70,"column":2},"end":{"line":70,"column":20}},"31":{"start":{"line":74,"column":0},"end":{"line":89,"column":3}},"32":{"start":{"line":75,"column":22},"end":{"line":75,"column":32}},"33":{"start":{"line":76,"column":27},"end":{"line":76,"column":36}},"34":{"start":{"line":78,"column":2},"end":{"line":80,"column":3}},"35":{"start":{"line":79,"column":4},"end":{"line":79,"column":89}},"36":{"start":{"line":82,"column":21},"end":{"line":82,"column":62}},"37":{"start":{"line":84,"column":2},"end":{"line":86,"column":3}},"38":{"start":{"line":85,"column":4},"end":{"line":85,"column":97}},"39":{"start":{"line":88,"column":2},"end":{"line":88,"column":23}},"40":{"start":{"line":92,"column":0},"end":{"line":100,"column":3}},"41":{"start":{"line":93,"column":17},"end":{"line":93,"column":50}},"42":{"start":{"line":95,"column":2},"end":{"line":97,"column":3}},"43":{"start":{"line":96,"column":4},"end":{"line":96,"column":71}},"44":{"start":{"line":99,"column":2},"end":{"line":99,"column":19}},"45":{"start":{"line":103,"column":0},"end":{"line":128,"column":3}},"46":{"start":{"line":104,"column":54},"end":{"line":104,"column":62}},"47":{"start":{"line":106,"column":2},"end":{"line":108,"column":3}},"48":{"start":{"line":107,"column":4},"end":{"line":107,"column":82}},"49":{"start":{"line":110,"column":16},"end":{"line":110,"column":37}},"50":{"start":{"line":111,"column":2},"end":{"line":113,"column":3}},"51":{"start":{"line":112,"column":4},"end":{"line":112,"column":67}},"52":{"start":{"line":115,"column":17},"end":{"line":122,"column":4}},"53":{"start":{"line":124,"column":2},"end":{"line":127,"column":5}},"54":{"start":{"line":131,"column":0},"end":{"line":150,"column":3}},"55":{"start":{"line":132,"column":17},"end":{"line":132,"column":27}},"56":{"start":{"line":133,"column":18},"end":{"line":133,"column":26}},"57":{"start":{"line":135,"column":19},"end":{"line":135,"column":41}},"58":{"start":{"line":136,"column":2},"end":{"line":138,"column":3}},"59":{"start":{"line":137,"column":4},"end":{"line":137,"column":71}},"60":{"start":{"line":140,"column":18},"end":{"line":144,"column":4}},"61":{"start":{"line":146,"column":2},"end":{"line":149,"column":5}},"62":{"start":{"line":153,"column":0},"end":{"line":168,"column":3}},"63":{"start":{"line":154,"column":17},"end":{"line":154,"column":27}},"64":{"start":{"line":156,"column":19},"end":{"line":156,"column":41}},"65":{"start":{"line":157,"column":2},"end":{"line":159,"column":3}},"66":{"start":{"line":158,"column":4},"end":{"line":158,"column":71}},"67":{"start":{"line":161,"column":18},"end":{"line":161,"column":39}},"68":{"start":{"line":163,"column":2},"end":{"line":167,"column":3}},"69":{"start":{"line":164,"column":4},"end":{"line":164,"column":60}},"70":{"start":{"line":166,"column":4},"end":{"line":166,"column":65}},"71":{"start":{"line":173,"column":0},"end":{"line":180,"column":3}},"72":{"start":{"line":174,"column":2},"end":{"line":176,"column":3}},"73":{"start":{"line":175,"column":4},"end":{"line":175,"column":73}},"74":{"start":{"line":178,"column":18},"end":{"line":178,"column":52}},"75":{"start":{"line":179,"column":2},"end":{"line":179,"column":20}},"76":{"start":{"line":183,"column":0},"end":{"line":192,"column":3}},"77":{"start":{"line":184,"column":2},"end":{"line":186,"column":3}},"78":{"start":{"line":185,"column":4},"end":{"line":185,"column":73}},"79":{"start":{"line":188,"column":22},"end":{"line":188,"column":31}},"80":{"start":{"line":189,"column":16},"end":{"line":189,"column":66}},"81":{"start":{"line":191,"column":2},"end":{"line":191,"column":65}},"82":{"start":{"line":195,"column":0},"end":{"line":208,"column":3}},"83":{"start":{"line":196,"column":2},"end":{"line":198,"column":3}},"84":{"start":{"line":197,"column":4},"end":{"line":197,"column":73}},"85":{"start":{"line":200,"column":26},"end":{"line":200,"column":35}},"86":{"start":{"line":202,"column":2},"end":{"line":204,"column":3}},"87":{"start":{"line":203,"column":4},"end":{"line":203,"column":85}},"88":{"start":{"line":206,"column":18},"end":{"line":206,"column":66}},"89":{"start":{"line":207,"column":2},"end":{"line":207,"column":20}},"90":{"start":{"line":213,"column":0},"end":{"line":215,"column":3}},"91":{"start":{"line":214,"column":2},"end":{"line":214,"column":25}},"92":{"start":{"line":218,"column":0},"end":{"line":220,"column":3}},"93":{"start":{"line":219,"column":2},"end":{"line":219,"column":24}},"94":{"start":{"line":222,"column":0},"end":{"line":222,"column":24}}},"fnMap":{"0":{"name":"(anonymous_0)","decl":{"start":{"line":20,"column":29},"end":{"line":20,"column":30}},"loc":{"start":{"line":20,"column":49},"end":{"line":25,"column":1}},"line":20},"1":{"name":"(anonymous_1)","decl":{"start":{"line":30,"column":66},"end":{"line":30,"column":67}},"loc":{"start":{"line":30,"column":80},"end":{"line":44,"column":1}},"line":30},"2":{"name":"(anonymous_2)","decl":{"start":{"line":47,"column":72},"end":{"line":47,"column":73}},"loc":{"start":{"line":47,"column":86},"end":{"line":58,"column":1}},"line":47},"3":{"name":"(anonymous_3)","decl":{"start":{"line":61,"column":74},"end":{"line":61,"column":75}},"loc":{"start":{"line":61,"column":88},"end":{"line":71,"column":1}},"line":61},"4":{"name":"(anonymous_4)","decl":{"start":{"line":74,"column":75},"end":{"line":74,"column":76}},"loc":{"start":{"line":74,"column":89},"end":{"line":89,"column":1}},"line":74},"5":{"name":"(anonymous_5)","decl":{"start":{"line":92,"column":55},"end":{"line":92,"column":56}},"loc":{"start":{"line":92,"column":69},"end":{"line":100,"column":1}},"line":92},"6":{"name":"(anonymous_6)","decl":{"start":{"line":103,"column":53},"end":{"line":103,"column":54}},"loc":{"start":{"line":103,"column":67},"end":{"line":128,"column":1}},"line":103},"7":{"name":"(anonymous_7)","decl":{"start":{"line":131,"column":55},"end":{"line":131,"column":56}},"loc":{"start":{"line":131,"column":69},"end":{"line":150,"column":1}},"line":131},"8":{"name":"(anonymous_8)","decl":{"start":{"line":153,"column":58},"end":{"line":153,"column":59}},"loc":{"start":{"line":153,"column":72},"end":{"line":168,"column":1}},"line":153},"9":{"name":"(anonymous_9)","decl":{"start":{"line":173,"column":47},"end":{"line":173,"column":48}},"loc":{"start":{"line":173,"column":61},"end":{"line":180,"column":1}},"line":173},"10":{"name":"(anonymous_10)","decl":{"start":{"line":183,"column":53},"end":{"line":183,"column":54}},"loc":{"start":{"line":183,"column":67},"end":{"line":192,"column":1}},"line":183},"11":{"name":"(anonymous_11)","decl":{"start":{"line":195,"column":55},"end":{"line":195,"column":56}},"loc":{"start":{"line":195,"column":69},"end":{"line":208,"column":1}},"line":195},"12":{"name":"(anonymous_12)","decl":{"start":{"line":213,"column":43},"end":{"line":213,"column":44}},"loc":{"start":{"line":213,"column":57},"end":{"line":215,"column":1}},"line":213},"13":{"name
[...]
"start":{"line":22,"column":4},"end":{"line":22,"column":82}},"10":{"start":{"line":24,"column":2},"end":{"line":24,"column":9}},"11":{"start":{"line":28,"column":0},"end":{"line":31,"column":3}},"12":{"start":{"line":29,"column":18},"end":{"line":29,"column":38}},"13":{"start":{"line":30,"column":2},"end":{"line":30,"column":20}},"14":{"start":{"line":34,"column":0},"end":{"line":37,"column":3}},"15":{"start":{"line":35,"column":18},"end":{"line":35,"column":35}},"16":{"start":{"line":36,"column":2},"end":{"line":36,"column":20}},"17":{"start":{"line":40,"column":0},"end":{"line":48,"column":3}},"18":{"start":{"line":41,"column":15},"end":{"line":41,"column":48}},"19":{"start":{"line":43,"column":2},"end":{"line":45,"column":3}},"20":{"start":{"line":44,"column":4},"end":{"line":44,"column":69}},"21":{"start":{"line":47,"column":2},"end":{"line":47,"column":17}},"22":{"start":{"line":51,"column":0},"end":{"line":98,"column":3}},"23":{"start":{"line":52,"column":17},"end":{"line":52,"column":27}},"24":{"start":{"line":53,"column":19},"end":{"line":53,"column":27}},"25":{"start":{"line":55,"column":2},"end":{"line":57,"column":3}},"26":{"start":{"line":56,"column":4},"end":{"line":56,"column":60}},"27":{"start":{"line":59,"column":22},"end":{"line":59,"column":44}},"28":{"start":{"line":61,"column":2},"end":{"line":63,"column":3}},"29":{"start":{"line":62,"column":4},"end":{"line":62,"column":69}},"30":{"start":{"line":65,"column":2},"end":{"line":67,"column":3}},"31":{"start":{"line":66,"column":4},"end":{"line":66,"column":72}},"32":{"start":{"line":70,"column":23},"end":{"line":70,"column":57}},"33":{"start":{"line":71,"column":2},"end":{"line":73,"column":3}},"34":{"start":{"line":72,"column":4},"end":{"line":72,"column":82}},"35":{"start":{"line":76,"column":19},"end":{"line":76,"column":60}},"36":{"start":{"line":79,"column":17},"end":{"line":79,"column":39}},"37":{"start":{"line":82,"column":22},"end":{"line":87,"column":3}},"38":{"start":{"line":89,"column":2},"end":{"line":97,"column":5}},"39":{"start":{"line":101,"column":0},"end":{"line":125,"column":3}},"40":{"start":{"line":102,"column":17},"end":{"line":102,"column":27}},"41":{"start":{"line":103,"column":21},"end":{"line":103,"column":29}},"42":{"start":{"line":105,"column":22},"end":{"line":105,"column":44}},"43":{"start":{"line":107,"column":2},"end":{"line":109,"column":3}},"44":{"start":{"line":108,"column":4},"end":{"line":108,"column":69}},"45":{"start":{"line":111,"column":2},"end":{"line":113,"column":3}},"46":{"start":{"line":112,"column":4},"end":{"line":112,"column":72}},"47":{"start":{"line":116,"column":19},"end":{"line":116,"column":61}},"48":{"start":{"line":119,"column":2},"end":{"line":119,"column":72}},"49":{"start":{"line":121,"column":2},"end":{"line":124,"column":5}},"50":{"start":{"line":128,"column":0},"end":{"line":149,"column":3}},"51":{"start":{"line":129,"column":17},"end":{"line":129,"column":51}},"52":{"start":{"line":131,"column":2},"end":{"line":133,"column":3}},"53":{"start":{"line":132,"column":4},"end":{"line":132,"column":75}},"54":{"start":{"line":136,"column":2},"end":{"line":138,"column":3}},"55":{"start":{"line":137,"column":4},"end":{"line":137,"column":63}},"56":{"start":{"line":140,"column":22},"end":{"line":140,"column":62}},"57":{"start":{"line":142,"column":2},"end":{"line":148,"column":5}},"58":{"start":{"line":152,"column":0},"end":{"line":216,"column":3}},"59":{"start":{"line":153,"column":30},"end":{"line":153,"column":38}},"60":{"start":{"line":155,"column":2},"end":{"line":157,"column":3}},"61":{"start":{"line":156,"column":4},"end":{"line":156,"column":77}},"62":{"start":{"line":159,"column":2},"end":{"line":161,"column":3}},"63":{"start":{"line":160,"column":4},"end":{"line":160,"column":85}},"64":{"start":{"line":163,"column":17},"end":{"line":163,"column":40}},"65":{"start":{"line":165,"column":2},"end":{"line":167,"column":3}},"66":{"start":{"line":166,"column":4},"end":{"line":166,"column":79}},"67":{"start":{"line":170,"column":2},"end":{"line":172,"column":3}},"68":{"start":{"line":171,"column":4},"end":{"line":171,"column":63}},"69":{"start":{"line":174,"column":22},"end":{"line":174,"column":62}},"70":{"start":{"line":176,"column":2},"end":{"line":178,"column":3}},"71":{"start":{"line":177,"column":4},"end":{"line":177,"column":79}},"72":{"start":{"line":181,"column":23},"end":{"line":181,"column":57}},"73":{"start":{"line":182,"column":2},"end":{"line":184,"column":3}},"74":{"start":{"line":183,"column":4},"end":{"line":183,"column":82}},"75":{"start":{"line":187,"column":18},"end":{"line":207,"column":4}},"76":{"start":{"line":210,"column":2},"end":{"line":210,"column":19}},"77":{"start":{"line":212,"column":2},"end":{"line":215,"column":5}},"78":{"start":{"line":219,"column":0},"end":{"line":251,"column":3}},"79":{"start":{"line":220,"column":21},"end":{"line":220,"column":30}},"80":{"start":{"line":223,"column":2},"end":{"line":225,"column":3}},"81":{"start":{"line":224,"column":4},"end":{"line":224,"column":63}},"82":{"start":{"line":227,"column":95},"end":{"line":227,"column":103}},"83":{"start":{"line":229,"column":2},"end":{"line":231,"column":3}},"84":{"start":{"line":230,"column":4},"end":{"line":230,"column":76}},"85":{"start":{"line":234,"column":22},"end":{"line":243,"column":4}},"86":{"start":{"line":245,"column":2},"end":{"line":245,"column":70}},"87":{"start":{"line":247,"column":2},"end":{"line":250,"column":5}},"88":{"start":{"line":254,"column":0},"end":{"line":270,"column":3}},"89":{"start":{"line":255,"column":16},"end":{"line":262,"column":3}},"90":{"start":{"line":265,"column":2},"end":{"line":267,"column":3}},"91":{"start":{"line":266,"column":4},"end":{"line":266,"column":97}},"92":{"start":{"line":269,"column":2},"end":{"line":269,"column":18}},"93":{"start":{"line":272,"column":0},"end":{"line":272,"column":24}}},"fnMap":{"0":{"name":"(anonymous_0)","decl":{"start":{"line":20,"column":25},"end":{"line":20,"column":26}},"loc":{"start":{"line":20,"column":45},"end":{"line":25,"column":1}},"line":20},"1":{"name":"(anonymous_1)","decl":{"start":{"line":28,"column":55},"end":{"line":28,"column":56}},"loc":{"start":{"line":28,"column":69},"end":{"line":31,"column":1}},"line":28},"2":{"name":"(anonymous_2)","decl":{"start":{"line":34,"column":55},"end":{"line":34,"column":56}},"loc":{"start":{"line":34,"column":69},"end":{"line":37,"column":1}},"line":34},"3":{"name":"(anonymous_3)","decl":{"start":{"line":40,"column":59},"end":{"line":40,"column":60}},"loc":{"start":{"line":40,"column":73},"end":{"line":48,"column":1}},"line":40},"4":{"name":"(anonymous_4)","decl":{"start":{"line":51,"column":60},"end":{"line":51,"column":61}},"loc":{"start":{"line":51,"column":80},"end":{"line":98,"column":1}},"line":51},"5":{"name":"(anonymous_5)","decl":{"start":{"line":101,"column":59},"end":{"line":101,"column":60}},"loc":{"start":{"line":101,"column":79},"end":{"line":125,"column":1}},"line":101},"6":{"name":"(anonymous_6)","decl":{"start":{"line":128,"column":29},"end":{"line":128,"column":30}},"loc":{"start":{"line":128,"column":43},"end":{"line":149,"column":1}},"line":128},"7":{"name":"(anonymous_7)","decl":{"start":{"line":152,"column":38},"end":{"line":152,"column":39}},"loc":{"start":{"line":152,"column":58},"end":{"line":216,"column":1}},"line":152},"8":{"name":"(anonymous_8)","decl":{"start":{"line":219,"column":37},"end":{"line":219,"column":38}},"loc":{"start":{"line":219,"column":51},"end":{"line":251,"column":1}},"line":219},"9":{"name":"(anonymous_9)","decl":{"start":{"line":254,"column":53},"end":{"line":254,"column":54}},"loc":{"start":{"line":254,"column":67},"end":{"line":270,"column":1}},"line":254}},"branchMap":{"0":{"loc":{"start":{"line":21,"column":2},"end":{"line":23,"column":3}},"type":"if","locations":[{"start":{"line":21,"column":2},"end":{"line":23,"column":3}},{"start":{},"end":{}}],"line":21},"1":{"loc":{"start":{"line":21,"column":6},"end":{"line":21,"column":72}},"type":"binary-expr","locations":[{"start":{"line":21,"column":6},"end":{"line":21,"column":36}},{"start":{"line":21,"column":40},"end":{"line":21,"column":72}}],"line":21},"2":{"loc":{"start":{"line":43,"column":2},"end":{"line":45,"column":3}},"type":"if","locations":[{"start":{"line":43,"column":2},"end":{"line":45,"column":3}},{"start":{},"end":{}}],"line":43},"3":{"loc":{"start":{"line":55,"column":2},"end":{"line":57,"column":3}},"type":"if","locations":[{"start":{"line":55,"column":2},"end":{"line":57,"column":3}},{"start":{},"end":{}}],"line":55},"4":{"loc":{"start":{"line":55,"column":6},"end":{"line":55,"column":51}},"type":"binary-expr","locations":[{"start":{"line":55,"column":6},"end":{"line":55,"column":11}},{"start":{"line":55,"column":15},"end":{"line":55,"column":51}}],"line":55},"5":{"loc":{"start":{"line":61,"column":2},"end":{"line":63,"column":3}},"type":"if","locations":[{"start":{"line":61,"column":2},"end":{"line":63,"column":3}},{"start":{},"end":{}}],"line":61},"6":{"loc":{"start":{"line":65,"column":2},"end":{"line":67,"column":3}},"type":"if","locations":[{"start":{"line":65,"column":2},"end":{"line":67,"column":3}},{"start":{},"end":{}}],"line":65},"7":{"loc":{"start":{"line":71,"column":2},"end":{"line":73,"column":3}},"type":"if","locations":[{"start":{"line":71,"column":2},"end":{"line":73,"column":3}},{"start":{},"end":{}}],"line":71},"8":{"loc":{"start":{"line":107,"column":2},"end":{"line":109,"column":3}},"type":"if","locations":[{"start":{"line":107,"column":2},"end":{"line":109,"column":3}},{"start":{},"end":{}}],"line":107},"9":{"loc":{"start":{"line":111,"column":2},"end":{"line":113,"column":3}},"type":"if","locations":[{"start":{"line":111,"column":2},"end":{"line":113,"column":3}},{"start":{},"end":{}}],"line":111},"10":{"loc":{"start":{"line":131,"column":2},"end":{"line":133,"column":3}},"type":"if","locations":[{"start":{"line":131,"column":2},"end":{"line":133,"column":3}},{"start":{},"end":{}}],"line":131},"11":{"loc":{"start":{"line":136,"column":2},"end":{"line":138,"column":3}},"type":"if","locations":[{"start":{"line":136,"column":2},"end":{"line":138,"column":3}},{"start":{},"end":{}}],"line":136},"12":{"loc":{"start":{"line":155,"column":2},"end":{"line":157,"column":3}},"type":"if","locations":[{"start":{"line":155,"column":2},"end":{"line":157,"column":3}},{"start":{},"end":{}}],"line":155},"13":{"loc":{"start":{"line":155,"column":6},"end":{"line":155,"column":25}},"type":"binary-expr","locations":[{"start":{"line":155,"column":6},"end":{"line":155,"column":12}},{"start":{"line":155,"column":16},"end":{"line":155,"column":25}}],"line":155},"14":{"loc":{"start":{"line":159,"column":2},"end":{"line":161,"column":3}},"type":"if","locations":[{"start":{"line":159,"column":2},"end":{"line":161,"column":3}},{"start":{},"end":{}}],"line":159},"15":{"loc":{"start":{"line":165,"column":2},"end":{"line":167,"column":3}},"type":"if","locations":[{"start":{"line":165,"column":2},"end":{"line":167,"column":3}},{"start":{},"end":{}}],"line":165},"16":{"loc":{"start":{"line":170,"column":2},"end":{"line":172,"column":3}},"type":"if","locations":[{"start":{"line":170,"column":2},"end":{"line":172,"column":3}},{"start":{},"end":{}}],"line":170},"17":{"loc":{"start":{"line":176,"column":2},"end":{"line":178,"column":3}},"type":"if","locations":[{"start":{"line":176,"column":2},"end":{"line":178,"column":3}},{"start":{},"end":{}}],"line":176},"18":{"loc":{"start":{"line":182,"column":2},"end":{"line":184,"column":3}},"type":"if","locations":[{"start":{"line":182,"column":2},"end":{"line":184,"column":3}},{"start":{},"end":{}}],"line":182},"19":{"loc":{"start":{"line":196,"column":8},"end":{"line":206,"column":5}},"type":"binary-expr","locations":[{"start":{"line":196,"column":8},"end":{"line":196,"column":35}},{"start":{"line":196,"column":39},"end":{"line":206,"column":5}}],"line":196},"20":{"loc":{"start":{"line":223,"column":2},"end":{"line":225,"column":3}},"type":"if","locations":[{"start":{"line":223,"column":2},"end":{"line":225,"column":3}},{"start":{},"end":{}}],"line":223},"21":{"loc":{"start":{"line":223,"column":18},"end":{"line":223,"column":80}},"type":"binary-expr","locations":[{"start":{"line":223,"column":18},"end":{"line":223,"column":50}},{"start":{"line":223,"column":54},"end":{"line":223,"column":80}}],"line":223},"22":{"loc":{"start":{"line":229,"column":2},"end":{"line":231,"column":3}},"type":"if","locations":[{"start":{"line":229,"column":2},"end":{"line":231,"column":3}},{"start":{},"end":{}}],"line":229},"23":{"loc":{"start":{"line":229,"column":6},"end":{"line":229,"column":21}},"type":"binary-expr","locations":[{"start":{"line":229,"column":6},"end":{"line":229,"column":11}},{"start":{"line":229,"column":15},"end":{"line":229,"column":21}}],"line":229},"24":{"loc":{"start":{"line":265,"column":2},"end":{"line":267,"column":3}},"type":"if","locations":[{"start":{"line":265,"column":2},"end":{"line":267,"column":3}},{"start":{},"end":{}}],"line":265}},"s":{"0":0,"1":0,"2":0,"3":0,"4":0,"5":0,"6":0,"7":0,"8":0,"9":0,"10":0,"11":0,"12":0,"13":0,"14":0,"15":0,"16":0,"17":0,"18":0,"19":0,"20":0,"21":0,"22":0,"23":0,"24":0,"25":0,"26":0,"27":0,"28":0,"29":0,"30":0,"31":0,"32":0,"33":0,"34":0,"35":0,"36":0,"37":0,"38":0,"39":0,"40":0,"41":0,"42":0,"43":0,"44":0,"45":0,"46":0,"47":0,"48":0,"49":0,"50":0,"51":0,"52":0,"53":0,"54":0,"55":0,"56":0,"57":0,"58":0,"59":0,"60":0,"61":0,"62":0,"63":0,"64":0,"65":0,"66":0,"67":0,"68":0,"69":0,"70":0,"71":0,"72":0,"73":0,"74":0,"75":0,"76":0,"77":0,"78":0,"79":0,"80":0,"81":0,"82":0,"83":0,"84":0,"85":0,"86":0,"87":0,"88":0,"89":0,"90":0,"91":0,"92":0,"93":0},"f":{"0":0,"1":0,"2":0,"3":0,"4":0,"5":0,"6":0,"7":0,"8":0,"9":0},"b":{"0":[0,0],"1":[0,0],"2":[0,0],"3":[0,0],"4":[0,0],"5":[0,0],"6":[0,0],"7":[0,0],"8":[0,0],"9":[0,0],"10":[0,0],"11":[0,0],"12":[0,0],"13":[0,0],"14":[0,0],"15":[0,0],"16":[0,0],"17":[0,0],"18":[0,0],"19":[0,0],"20":[0,0],"21":[0,0],"22":[0,0],"23":[0,0],"24":[0,0]}}
,"/Users/caesar/Downloads/aquatrans/backend/src/services/emailService.js": {"path":"/Users/caesar/Downloads/aquatrans/backend/src/services/emailService.js","statementMap":{"0":{"start":{"line":4,"column":19},"end":{"line":4,"column":40}},"1":{"start":{"line":9,"column":18},"end":{"line":9,"column":22}},"2":{"start":{"line":11,"column":30},"end":{"line":36,"column":1}},"3":{"start":{"line":12,"column":2},"end":{"line":35,"column":3}},"4":{"start":{"line":14,"column":4},"end":{"line":20,"column":7}},"5":{"start":{"line":23,"column":24},"end":{"line":23,"column":60}},"6":{"start":{"line":24,"column":4},"end":{"line":32,"column":7}},"7":{"start":{"line":33,"column":4},"end":{"line":33,"column":87}},"8":{"start":{"line":34,"column":4},"end":{"line":34,"column":49}},"9":{"start":{"line":39,"column":27},"end":{"line":144,"column":1}},"10":{"start":{"line":40,"column":22},"end":{"line":40,"column":73}},"11":{"start":{"line":41,"column":15},"end":{"line":41,"column":65}},"12":{"start":{"line":43,"column":21},"end":{"line":51,"column":3}},"13":{"start":{"line":53,"column":2},"end":{"line":143,"column":4}},"14":{"start":{"line":147,"column":30},"end":{"line":207,"column":1}},"15":{"start":{"line":148,"column":2},"end":{"line":206,"column":4}},"16":{"start":{"line":210,"column":24},"end":{"line":236,"column":1}},"17":{"start":{"line":211,"column":2},"end":{"line":213,"column":3}},"18":{"start":{"line":212,"column":4},"end":{"line":212,"column":34}},"19":{"start":{"line":215,"column":22},"end":{"line":220,"column":3}},"20":{"start":{"line":222,"column":2},"end":{"line":235,"column":3}},"21":{"start":{"line":223,"column":17},"end":{"line":223,"column":56}},"22":{"start":{"line":224,"column":4},"end":{"line":224,"column":53}},"23":{"start":{"line":227,"column":4},"end":{"line":229,"column":5}},"24":{"start":{"line":228,"column":6},"end":{"line":228,"column":73}},"25":{"start":{"line":231,"column":4},"end":{"line":231,"column":104}},"26":{"start":{"line":233,"column":4},"end":{"line":233,"column":50}},"27":{"start":{"line":234,"column":4},"end":{"line":234,"column":52}},"28":{"start":{"line":239,"column":27},"end":{"line":259,"column":1}},"29":{"start":{"line":240,"column":2},"end":{"line":242,"column":3}},"30":{"start":{"line":241,"column":4},"end":{"line":241,"column":34}},"31":{"start":{"line":244,"column":22},"end":{"line":249,"column":3}},"32":{"start":{"line":251,"column":2},"end":{"line":258,"column":3}},"33":{"start":{"line":252,"column":17},"end":{"line":252,"column":56}},"34":{"start":{"line":253,"column":4},"end":{"line":253,"column":65}},"35":{"start":{"line":254,"column":4},"end":{"line":254,"column":56}},"36":{"start":{"line":256,"column":4},"end":{"line":256,"column":50}},"37":{"start":{"line":257,"column":4},"end":{"line":257,"column":52}},"38":{"start":{"line":261,"column":0},"end":{"line":265,"column":2}}},"fnMap":{"0":{"name":"(anonymous_0)","decl":{"start":{"line":11,"column":30},"end":{"line":11,"column":31}},"loc":{"start":{"line":11,"column":42},"end":{"line":36,"column":1}},"line":11},"1":{"name":"(anonymous_1)","decl":{"start":{"line":39,"column":27},"end":{"line":39,"column":28}},"loc":{"start":{"line":39,"column":50},"end":{"line":144,"column":1}},"line":39},"2":{"name":"(anonymous_2)","decl":{"start":{"line":147,"column":30},"end":{"line":147,"column":31}},"loc":{"start":{"line":147,"column":48},"end":{"line":207,"column":1}},"line":147},"3":{"name":"(anonymous_3)","decl":{"start":{"line":210,"column":24},"end":{"line":210,"column":25}},"loc":{"start":{"line":210,"column":57},"end":{"line":236,"column":1}},"line":210},"4":{"name":"(anonymous_4)","decl":{"start":{"line":239,"column":27},"end":{"line":239,"column":28}},"loc":{"start":{"line":239,"column":55},"end":{"line":259,"column":1}},"line":239}},"branchMap":{"0":{"loc":{"start":{"line":12,"column":2},"end":{"line":35,"column":3}},"type":"if","locations":[{"start":{"line":12,"column":2},"end":{"line":35,"column":3}},{"start":{"line":21,"column":9},"end":{"line":35,"column":3}}],"line":12},"1":{"loc":{"start":{"line":12,"column":6},"end":{"line":12,"column":69}},"type":"binary-expr","locations":[{"start":{"line":12,"column":6},"end":{"line":12,"column":43}},{"start":{"line":12,"column":47},"end":{"line":12,"column":69}}],"line":12},"2":{"loc":{"start":{"line":40,"column":22},"end":{"line":40,"column":73}},"type":"binary-expr","locations":[{"start":{"line":40,"column":22},"end":{"line":40,"column":46}},{"start":{"line":40,"column":50},"end":{"line":40,"column":73}}],"line":40},"3":{"loc":{"start":{"line":93,"column":74},"end":{"line":93,"column":98}},"type":"binary-expr","locations":[{"start":{"line":93,"column":74},"end":{"line":93,"column":90}},{"start":{"line":93,"column":94},"end":{"line":93,"column":98}}],"line":93},"4":{"loc":{"start":{"line":180,"column":14},"end":{"line":186,"column":18}},"type":"cond-expr","locations":[{"start":{"line":180,"column":23},"end":{"line":186,"column":13}},{"start":{"line":186,"column":16},"end":{"line":186,"column":18}}],"line":180},"5":{"loc":{"start":{"line":211,"column":2},"end":{"line":213,"column":3}},"type":"if","locations":[{"start":{"line":211,"column":2},"end":{"line":213,"column":3}},{"start":{},"end":{}}],"line":211},"6":{"loc":{"start":{"line":227,"column":4},"end":{"line":229,"column":5}},"type":"if","locations":[{"start":{"line":227,"column":4},"end":{"line":229,"column":5}},{"start":{},"end":{}}],"line":227},"7":{"loc":{"start":{"line":240,"column":2},"end":{"line":242,"column":3}},"type":"if","locations":[{"start":{"line":240,"column":2},"end":{"line":242,"column":3}},{"start":{},"end":{}}],"line":240}},"s":{"0":0,"1":0,"2":0,"3":0,"4":0,"5":0,"6":0,"7":0,"8":0,"9":0,"10":0,"11":0,"12":0,"13":0,"14":0,"15":0,"16":0,"17":0,"18":0,"19":0,"20":0,"21":0,"22":0,"23":0,"24":0,"25":0,"26":0,"27":0,"28":0,"29":0,"30":0,"31":0,"32":0,"33":0,"34":0,"35":0,"36":0,"37":0,"38":0},"f":{"0":0,"1":0,"2":0,"3":0,"4":0},"b":{"0":[0,0],"1":[0,0],"2":[0,0],"3":[0,0],"4":[0,0],"5":[0,0],"6":[0,0],"7":[0,0]}}
}
