TN:
SF:src/config/roles.js
FNF:0
FNH:0
DA:3,3
DA:13,3
DA:113,3
LF:3
LH:3
BRF:0
BRH:0
end_of_record
TN:
SF:src/data/pendingUsers.js
FN:61,(anonymous_0)
FN:62,(anonymous_1)
FN:65,(anonymous_2)
FN:66,(anonymous_3)
FN:69,(anonymous_4)
FN:83,(anonymous_5)
FN:84,(anonymous_6)
FN:91,(anonymous_7)
FN:92,(anonymous_8)
FN:106,(anonymous_9)
FN:107,(anonymous_10)
FN:122,(anonymous_11)
FN:138,(anonymous_12)
FN:139,(anonymous_13)
FN:142,(anonymous_14)
FN:143,(anonymous_15)
FN:151,(anonymous_16)
FN:152,(anonymous_17)
FNF:18
FNH:0
FNDA:0,(anonymous_0)
FNDA:0,(anonymous_1)
FNDA:0,(anonymous_2)
FNDA:0,(anonymous_3)
FNDA:0,(anonymous_4)
FNDA:0,(anonymous_5)
FNDA:0,(anonymous_6)
FNDA:0,(anonymous_7)
FNDA:0,(anonymous_8)
FNDA:0,(anonymous_9)
FNDA:0,(anonymous_10)
FNDA:0,(anonymous_11)
FNDA:0,(anonymous_12)
FNDA:0,(anonymous_13)
FNDA:0,(anonymous_14)
FNDA:0,(anonymous_15)
FNDA:0,(anonymous_16)
FNDA:0,(anonymous_17)
DA:2,0
DA:5,0
DA:58,0
DA:61,0
DA:62,0
DA:65,0
DA:66,0
DA:69,0
DA:70,0
DA:79,0
DA:80,0
DA:83,0
DA:84,0
DA:85,0
DA:87,0
DA:88,0
DA:91,0
DA:92,0
DA:93,0
DA:95,0
DA:103,0
DA:106,0
DA:107,0
DA:108,0
DA:110,0
DA:118,0
DA:122,0
DA:123,0
DA:124,0
DA:134,0
DA:135,0
DA:138,0
DA:139,0
DA:142,0
DA:143,0
DA:144,0
DA:146,0
DA:147,0
DA:148,0
DA:151,0
DA:152,0
DA:155,0
LF:42
LH:0
BRDA:85,0,0,0
BRDA:85,0,1,0
BRDA:93,1,0,0
BRDA:93,1,1,0
BRDA:108,2,0,0
BRDA:108,2,1,0
BRDA:139,3,0,0
BRDA:139,3,1,0
BRDA:144,4,0,0
BRDA:144,4,1,0
BRF:10
BRH:0
end_of_record
TN:
SF:src/data/performance.js
FN:27,(anonymous_0)
FN:117,(anonymous_1)
FN:296,(anonymous_2)
FN:298,(anonymous_3)
FN:299,(anonymous_4)
FN:302,(anonymous_5)
FN:303,(anonymous_6)
FN:306,(anonymous_7)
FN:307,(anonymous_8)
FN:312,(anonymous_9)
FN:315,(anonymous_10)
FN:326,(anonymous_11)
FN:327,(anonymous_12)
FN:339,(anonymous_13)
FN:340,(anonymous_14)
FN:348,(anonymous_15)
FN:369,(anonymous_16)
FN:389,(anonymous_17)
FN:389,(anonymous_18)
FN:390,(anonymous_19)
FN:390,(anonymous_20)
FN:395,(anonymous_21)
FN:396,(anonymous_22)
FN:397,(anonymous_23)
FNF:24
FNH:17
FNDA:11,(anonymous_0)
FNDA:1,(anonymous_1)
FNDA:5,(anonymous_2)
FNDA:9,(anonymous_3)
FNDA:2,(anonymous_4)
FNDA:2,(anonymous_5)
FNDA:1,(anonymous_6)
FNDA:0,(anonymous_7)
FNDA:0,(anonymous_8)
FNDA:0,(anonymous_9)
FNDA:4,(anonymous_10)
FNDA:1,(anonymous_11)
FNDA:1,(anonymous_12)
FNDA:2,(anonymous_13)
FNDA:1,(anonymous_14)
FNDA:3,(anonymous_15)
FNDA:0,(anonymous_16)
FNDA:2,(anonymous_17)
FNDA:2,(anonymous_18)
FNDA:2,(anonymous_19)
FNDA:2,(anonymous_20)
FNDA:0,(anonymous_21)
FNDA:0,(anonymous_22)
FNDA:0,(anonymous_23)
DA:4,2
DA:7,2
DA:10,2
DA:19,2
DA:27,11
DA:117,2
DA:118,1
DA:291,1
DA:296,2
DA:297,5
DA:298,9
DA:299,2
DA:302,2
DA:303,2
DA:306,2
DA:307,0
DA:308,0
DA:309,0
DA:312,0
DA:315,2
DA:316,4
DA:322,4
DA:323,4
DA:326,2
DA:327,1
DA:328,1
DA:330,1
DA:336,1
DA:339,2
DA:340,2
DA:341,2
DA:343,1
DA:344,1
DA:348,2
DA:349,3
DA:351,3
DA:352,0
DA:355,0
DA:357,0
DA:358,0
DA:360,0
DA:361,0
DA:363,0
DA:364,0
DA:366,0
DA:369,0
DA:372,3
DA:373,2
DA:377,1
DA:378,1
DA:380,1
DA:389,2
DA:390,2
DA:395,2
DA:396,0
DA:397,0
DA:399,0
DA:401,0
DA:413,2
LF:59
LH:41
BRDA:309,0,0,0
BRDA:309,0,1,0
BRDA:309,0,2,0
BRDA:328,1,0,0
BRDA:328,1,1,1
BRDA:341,2,0,1
BRDA:341,2,1,1
BRDA:348,3,0,2
BRDA:351,4,0,0
BRDA:351,4,1,3
BRDA:355,5,0,0
BRDA:355,5,1,0
BRDA:355,5,2,0
BRDA:355,5,3,0
BRDA:372,6,0,2
BRDA:372,6,1,1
BRDA:386,7,0,1
BRDA:386,7,1,0
BRDA:396,8,0,0
BRDA:396,8,1,0
BRDA:397,9,0,0
BRDA:397,9,1,0
BRDA:399,10,0,0
BRDA:399,10,1,0
BRDA:399,11,0,0
BRDA:399,11,1,0
BRDA:406,12,0,0
BRDA:406,12,1,0
BRDA:406,13,0,0
BRDA:406,13,1,0
BRF:30
BRH:8
end_of_record
TN:
SF:src/data/users.js
FN:121,(anonymous_0)
FN:122,(anonymous_1)
FN:125,(anonymous_2)
FN:126,(anonymous_3)
FN:129,(anonymous_4)
FN:130,(anonymous_5)
FN:133,(anonymous_6)
FN:146,(anonymous_7)
FN:147,(anonymous_8)
FN:159,(anonymous_9)
FN:161,(anonymous_10)
FN:162,(anonymous_11)
FNF:12
FNH:9
FNDA:6,(anonymous_0)
FNDA:34,(anonymous_1)
FNDA:21,(anonymous_2)
FNDA:121,(anonymous_3)
FNDA:2,(anonymous_4)
FNDA:18,(anonymous_5)
FNDA:0,(anonymous_6)
FNDA:0,(anonymous_7)
FNDA:0,(anonymous_8)
FNDA:3,(anonymous_9)
FNDA:27,(anonymous_10)
FNDA:3,(anonymous_11)
DA:2,2
DA:3,2
DA:4,2
DA:7,2
DA:9,2
DA:121,2
DA:122,34
DA:125,2
DA:126,121
DA:129,2
DA:130,18
DA:133,2
DA:134,0
DA:141,0
DA:142,0
DA:143,0
DA:146,2
DA:147,0
DA:148,0
DA:150,0
DA:151,0
DA:154,0
DA:155,0
DA:156,0
DA:159,2
DA:160,3
DA:161,27
DA:162,3
DA:165,2
LF:29
LH:18
BRDA:148,0,0,0
BRDA:148,0,1,0
BRDA:150,1,0,0
BRDA:150,1,1,0
BRF:4
BRH:0
end_of_record
TN:
SF:src/middleware/auth.js
FN:8,(anonymous_0)
FN:37,(anonymous_1)
FN:38,(anonymous_2)
FN:52,(anonymous_3)
FN:60,(anonymous_4)
FNF:5
FNH:3
FNDA:20,(anonymous_0)
FNDA:2,(anonymous_1)
FNDA:0,(anonymous_2)
FNDA:0,(anonymous_3)
FNDA:5,(anonymous_4)
DA:1,2
DA:2,2
DA:3,2
DA:5,2
DA:8,2
DA:9,20
DA:11,20
DA:12,2
DA:15,18
DA:17,18
DA:18,18
DA:19,17
DA:21,17
DA:22,0
DA:26,17
DA:27,17
DA:28,17
DA:30,17
DA:32,1
DA:37,2
DA:38,2
DA:39,0
DA:40,0
DA:43,0
DA:44,0
DA:47,0
DA:52,2
DA:53,0
DA:54,0
DA:56,0
DA:60,2
DA:61,5
DA:68,2
LF:33
LH:24
BRDA:5,0,0,2
BRDA:5,0,1,2
BRDA:11,1,0,2
BRDA:11,1,1,18
BRDA:11,2,0,20
BRDA:11,2,1,18
BRDA:21,3,0,0
BRDA:21,3,1,17
BRDA:21,4,0,17
BRDA:21,4,1,17
BRDA:39,5,0,0
BRDA:39,5,1,0
BRDA:39,6,0,0
BRDA:39,6,1,0
BRDA:43,7,0,0
BRDA:43,7,1,0
BRDA:53,8,0,0
BRDA:53,8,1,0
BRDA:53,9,0,0
BRDA:53,9,1,0
BRF:20
BRH:9
end_of_record
TN:
SF:src/routes/admin.js
FN:8,(anonymous_0)
FN:18,(anonymous_1)
FN:34,(anonymous_2)
FN:48,(anonymous_3)
FN:58,(anonymous_4)
FN:74,(anonymous_5)
FN:98,(anonymous_6)
FN:130,(anonymous_7)
FN:141,(anonymous_8)
FN:142,(anonymous_9)
FN:143,(anonymous_10)
FNF:11
FNH:6
FNDA:1,(anonymous_0)
FNDA:0,(anonymous_1)
FNDA:0,(anonymous_2)
FNDA:2,(anonymous_3)
FNDA:0,(anonymous_4)
FNDA:0,(anonymous_5)
FNDA:0,(anonymous_6)
FNDA:2,(anonymous_7)
FNDA:1,(anonymous_8)
FNDA:1,(anonymous_9)
FNDA:1,(anonymous_10)
DA:1,1
DA:2,1
DA:3,1
DA:4,1
DA:5,1
DA:8,1
DA:9,1
DA:10,0
DA:13,1
DA:14,1
DA:18,1
DA:19,0
DA:21,0
DA:22,0
DA:25,0
DA:26,0
DA:29,0
DA:30,0
DA:34,1
DA:35,0
DA:36,0
DA:38,0
DA:40,0
DA:41,0
DA:44,0
DA:48,1
DA:49,2
DA:50,0
DA:53,2
DA:54,2
DA:58,1
DA:59,0
DA:60,0
DA:63,0
DA:65,0
DA:66,0
DA:69,0
DA:70,0
DA:74,1
DA:75,0
DA:76,0
DA:78,0
DA:80,0
DA:81,0
DA:84,0
DA:85,0
DA:88,0
DA:89,0
DA:92,0
DA:94,0
DA:98,1
DA:99,0
DA:100,0
DA:103,0
DA:104,0
DA:107,0
DA:109,0
DA:110,0
DA:113,0
DA:114,0
DA:117,0
DA:118,0
DA:121,0
DA:123,0
DA:130,1
DA:131,2
DA:132,1
DA:135,1
DA:136,1
DA:138,1
DA:141,1
DA:142,1
DA:143,1
DA:146,1
DA:149,1
LF:75
LH:29
BRDA:9,0,0,0
BRDA:9,0,1,1
BRDA:21,1,0,0
BRDA:21,1,1,0
BRDA:21,2,0,0
BRDA:21,2,1,0
BRDA:21,2,2,0
BRDA:21,2,3,0
BRDA:25,3,0,0
BRDA:25,3,1,0
BRDA:40,4,0,0
BRDA:40,4,1,0
BRDA:49,5,0,0
BRDA:49,5,1,2
BRDA:49,6,0,2
BRDA:49,6,1,0
BRDA:59,7,0,0
BRDA:59,7,1,0
BRDA:59,8,0,0
BRDA:59,8,1,0
BRDA:65,9,0,0
BRDA:65,9,1,0
BRDA:65,10,0,0
BRDA:65,10,1,0
BRDA:80,11,0,0
BRDA:80,11,1,0
BRDA:80,12,0,0
BRDA:80,12,1,0
BRDA:84,13,0,0
BRDA:84,13,1,0
BRDA:88,14,0,0
BRDA:88,14,1,0
BRDA:103,15,0,0
BRDA:103,15,1,0
BRDA:103,16,0,0
BRDA:103,16,1,0
BRDA:109,17,0,0
BRDA:109,17,1,0
BRDA:109,18,0,0
BRDA:109,18,1,0
BRDA:113,19,0,0
BRDA:113,19,1,0
BRDA:117,20,0,0
BRDA:117,20,1,0
BRDA:131,21,0,1
BRDA:131,21,1,1
BRF:46
BRH:5
end_of_record
TN:
SF:src/routes/aluno.js
FN:9,(anonymous_0)
FN:17,(anonymous_1)
FN:24,(anonymous_2)
FN:35,(anonymous_3)
FN:49,(anonymous_4)
FN:50,(anonymous_5)
FN:57,(anonymous_6)
FN:57,(anonymous_7)
FN:65,(anonymous_8)
FN:76,(anonymous_9)
FN:83,(anonymous_10)
FN:100,(anonymous_11)
FN:109,(anonymous_12)
FN:126,(anonymous_13)
FN:136,(anonymous_14)
FN:147,(anonymous_15)
FNF:16
FNH:8
FNDA:4,(anonymous_0)
FNDA:1,(anonymous_1)
FNDA:0,(anonymous_2)
FNDA:1,(anonymous_3)
FNDA:3,(anonymous_4)
FNDA:3,(anonymous_5)
FNDA:3,(anonymous_6)
FNDA:2,(anonymous_7)
FNDA:1,(anonymous_8)
FNDA:0,(anonymous_9)
FNDA:0,(anonymous_10)
FNDA:0,(anonymous_11)
FNDA:0,(anonymous_12)
FNDA:0,(anonymous_13)
FNDA:0,(anonymous_14)
FNDA:0,(anonymous_15)
DA:1,1
DA:2,1
DA:3,1
DA:4,1
DA:5,1
DA:6,1
DA:9,1
DA:10,4
DA:11,1
DA:13,3
DA:17,1
DA:18,1
DA:19,1
DA:20,1
DA:24,1
DA:25,0
DA:27,0
DA:28,0
DA:31,0
DA:35,1
DA:36,1
DA:38,1
DA:39,0
DA:48,1
DA:49,3
DA:50,3
DA:52,1
DA:57,3
DA:65,1
DA:66,1
DA:68,1
DA:69,0
DA:72,1
DA:76,1
DA:77,0
DA:79,0
DA:80,0
DA:83,0
DA:85,0
DA:86,0
DA:90,0
DA:100,1
DA:101,0
DA:102,0
DA:104,0
DA:105,0
DA:108,0
DA:109,0
DA:112,0
DA:113,0
DA:117,0
DA:126,0
DA:127,0
DA:129,0
DA:136,1
DA:137,0
DA:139,0
DA:140,0
DA:143,0
DA:147,1
DA:148,0
DA:149,0
DA:151,0
DA:152,0
DA:155,0
DA:156,0
DA:159,0
DA:167,0
DA:169,0
DA:175,1
LF:70
LH:32
BRDA:10,0,0,1
BRDA:10,0,1,3
BRDA:27,1,0,0
BRDA:27,1,1,0
BRDA:38,2,0,0
BRDA:38,2,1,1
BRDA:56,3,0,1
BRDA:56,3,1,0
BRDA:68,4,0,0
BRDA:68,4,1,1
BRDA:79,5,0,0
BRDA:79,5,1,0
BRDA:85,6,0,0
BRDA:85,6,1,0
BRDA:104,7,0,0
BRDA:104,7,1,0
BRDA:109,8,0,0
BRDA:109,8,1,0
BRDA:112,9,0,0
BRDA:112,9,1,0
BRDA:127,10,0,0
BRDA:127,10,1,0
BRDA:139,11,0,0
BRDA:139,11,1,0
BRDA:151,12,0,0
BRDA:151,12,1,0
BRDA:155,13,0,0
BRDA:155,13,1,0
BRDA:163,14,0,0
BRDA:163,14,1,0
BRF:30
BRH:5
end_of_record
TN:
SF:src/routes/auth.js
FN:9,(anonymous_0)
FN:47,(anonymous_1)
FN:55,(anonymous_2)
FN:75,(anonymous_3)
FN:99,(anonymous_4)
FN:100,(anonymous_5)
FNF:6
FNH:2
FNDA:4,(anonymous_0)
FNDA:1,(anonymous_1)
FNDA:0,(anonymous_2)
FNDA:0,(anonymous_3)
FNDA:0,(anonymous_4)
FNDA:0,(anonymous_5)
DA:1,1
DA:2,1
DA:3,1
DA:4,1
DA:5,1
DA:6,1
DA:9,1
DA:10,4
DA:12,4
DA:13,0
DA:16,4
DA:18,4
DA:19,1
DA:22,3
DA:23,0
DA:26,3
DA:28,3
DA:29,0
DA:32,3
DA:33,3
DA:36,3
DA:38,3
DA:47,1
DA:48,1
DA:55,1
DA:56,0
DA:58,0
DA:64,0
DA:65,0
DA:68,0
DA:75,1
DA:76,0
DA:78,0
DA:79,0
DA:82,0
DA:83,0
DA:86,0
DA:87,0
DA:89,0
DA:90,0
DA:93,0
DA:95,0
DA:99,1
DA:100,0
DA:105,0
DA:108,1
LF:46
LH:25
BRDA:12,0,0,0
BRDA:12,0,1,4
BRDA:12,1,0,4
BRDA:12,1,1,4
BRDA:18,2,0,1
BRDA:18,2,1,3
BRDA:22,3,0,0
BRDA:22,3,1,3
BRDA:28,4,0,0
BRDA:28,4,1,3
BRDA:59,5,0,0
BRDA:59,5,1,0
BRDA:64,6,0,0
BRDA:64,6,1,0
BRDA:78,7,0,0
BRDA:78,7,1,0
BRDA:78,8,0,0
BRDA:78,8,1,0
BRDA:82,9,0,0
BRDA:82,9,1,0
BRDA:89,10,0,0
BRDA:89,10,1,0
BRF:22
BRH:7
end_of_record
TN:
SF:src/routes/index.js
FN:59,(anonymous_0)
FN:63,(anonymous_1)
FN:67,(anonymous_2)
FN:71,(anonymous_3)
FN:76,(anonymous_4)
FNF:5
FNH:3
FNDA:1,(anonymous_0)
FNDA:1,(anonymous_1)
FNDA:0,(anonymous_2)
FNDA:1,(anonymous_3)
FNDA:0,(anonymous_4)
DA:1,1
DA:2,1
DA:5,1
DA:15,1
DA:35,1
DA:51,1
DA:59,1
DA:60,1
DA:63,1
DA:64,1
DA:67,1
DA:68,0
DA:71,1
DA:72,1
DA:76,1
DA:77,0
DA:79,0
DA:80,0
DA:84,0
DA:86,0
DA:89,1
LF:21
LH:15
BRDA:79,0,0,0
BRDA:79,0,1,0
BRDA:79,1,0,0
BRDA:79,1,1,0
BRDA:79,1,2,0
BRF:5
BRH:0
end_of_record
TN:
SF:src/routes/performance.js
FN:20,(anonymous_0)
FN:30,(anonymous_1)
FN:47,(anonymous_2)
FN:61,(anonymous_3)
FN:74,(anonymous_4)
FN:92,(anonymous_5)
FN:103,(anonymous_6)
FN:131,(anonymous_7)
FN:153,(anonymous_8)
FN:173,(anonymous_9)
FN:183,(anonymous_10)
FN:195,(anonymous_11)
FN:213,(anonymous_12)
FN:218,(anonymous_13)
FNF:14
FNH:5
FNDA:3,(anonymous_0)
FNDA:0,(anonymous_1)
FNDA:0,(anonymous_2)
FNDA:0,(anonymous_3)
FNDA:0,(anonymous_4)
FNDA:0,(anonymous_5)
FNDA:1,(anonymous_6)
FNDA:0,(anonymous_7)
FNDA:0,(anonymous_8)
FNDA:0,(anonymous_9)
FNDA:1,(anonymous_10)
FNDA:0,(anonymous_11)
FNDA:1,(anonymous_12)
FNDA:1,(anonymous_13)
DA:1,1
DA:2,1
DA:3,1
DA:4,1
DA:5,1
DA:17,1
DA:20,1
DA:21,3
DA:22,2
DA:24,1
DA:30,1
DA:31,0
DA:33,0
DA:34,0
DA:35,0
DA:38,0
DA:40,0
DA:47,1
DA:48,0
DA:49,0
DA:51,0
DA:53,0
DA:54,0
DA:57,0
DA:61,1
DA:62,0
DA:63,0
DA:65,0
DA:66,0
DA:69,0
DA:70,0
DA:74,1
DA:75,0
DA:76,0
DA:78,0
DA:79,0
DA:82,0
DA:84,0
DA:85,0
DA:88,0
DA:92,1
DA:93,0
DA:95,0
DA:96,0
DA:99,0
DA:103,1
DA:104,1
DA:106,1
DA:107,0
DA:110,1
DA:111,1
DA:112,0
DA:115,1
DA:124,1
DA:131,1
DA:132,0
DA:133,0
DA:135,0
DA:136,0
DA:137,0
DA:140,0
DA:146,0
DA:153,1
DA:154,0
DA:156,0
DA:157,0
DA:158,0
DA:161,0
DA:163,0
DA:164,0
DA:166,0
DA:173,1
DA:174,0
DA:175,0
DA:178,0
DA:179,0
DA:183,1
DA:184,1
DA:185,0
DA:188,1
DA:189,1
DA:191,1
DA:195,1
DA:196,0
DA:197,0
DA:200,0
DA:202,0
DA:203,0
DA:206,0
DA:207,0
DA:213,1
DA:214,1
DA:218,1
DA:219,1
DA:222,1
LF:95
LH:36
BRDA:21,0,0,2
BRDA:21,0,1,1
BRDA:21,1,0,3
BRDA:21,1,1,3
BRDA:34,2,0,0
BRDA:34,2,1,0
BRDA:34,3,0,0
BRDA:34,3,1,0
BRDA:51,4,0,0
BRDA:51,4,1,0
BRDA:53,5,0,0
BRDA:53,5,1,0
BRDA:65,6,0,0
BRDA:65,6,1,0
BRDA:65,7,0,0
BRDA:65,7,1,0
BRDA:78,8,0,0
BRDA:78,8,1,0
BRDA:78,9,0,0
BRDA:78,9,1,0
BRDA:84,10,0,0
BRDA:84,10,1,0
BRDA:95,11,0,0
BRDA:95,11,1,0
BRDA:106,12,0,0
BRDA:106,12,1,1
BRDA:106,13,0,1
BRDA:106,13,1,1
BRDA:111,14,0,0
BRDA:111,14,1,1
BRDA:111,15,0,1
BRDA:111,15,1,1
BRDA:118,16,0,1
BRDA:118,16,1,0
BRDA:136,17,0,0
BRDA:136,17,1,0
BRDA:157,18,0,0
BRDA:157,18,1,0
BRDA:163,19,0,0
BRDA:163,19,1,0
BRDA:174,20,0,0
BRDA:174,20,1,0
BRDA:184,21,0,0
BRDA:184,21,1,1
BRDA:189,22,0,1
BRDA:189,22,1,1
BRDA:191,23,0,1
BRDA:191,23,1,1
BRDA:196,24,0,0
BRDA:196,24,1,0
BRDA:202,25,0,0
BRDA:202,25,1,0
BRDA:202,26,0,0
BRDA:202,26,1,0
BRF:54
BRH:16
end_of_record
TN:
SF:src/routes/validation.js
FN:20,(anonymous_0)
FN:28,(anonymous_1)
FN:34,(anonymous_2)
FN:40,(anonymous_3)
FN:51,(anonymous_4)
FN:101,(anonymous_5)
FN:128,(anonymous_6)
FN:152,(anonymous_7)
FN:219,(anonymous_8)
FN:254,(anonymous_9)
FNF:10
FNH:0
FNDA:0,(anonymous_0)
FNDA:0,(anonymous_1)
FNDA:0,(anonymous_2)
FNDA:0,(anonymous_3)
FNDA:0,(anonymous_4)
FNDA:0,(anonymous_5)
FNDA:0,(anonymous_6)
FNDA:0,(anonymous_7)
FNDA:0,(anonymous_8)
FNDA:0,(anonymous_9)
DA:1,0
DA:2,0
DA:3,0
DA:14,0
DA:15,0
DA:16,0
DA:17,0
DA:20,0
DA:21,0
DA:22,0
DA:24,0
DA:28,0
DA:29,0
DA:30,0
DA:34,0
DA:35,0
DA:36,0
DA:40,0
DA:41,0
DA:43,0
DA:44,0
DA:47,0
DA:51,0
DA:52,0
DA:53,0
DA:55,0
DA:56,0
DA:59,0
DA:61,0
DA:62,0
DA:65,0
DA:66,0
DA:70,0
DA:71,0
DA:72,0
DA:76,0
DA:79,0
DA:82,0
DA:89,0
DA:101,0
DA:102,0
DA:103,0
DA:105,0
DA:107,0
DA:108,0
DA:111,0
DA:112,0
DA:116,0
DA:119,0
DA:121,0
DA:128,0
DA:129,0
DA:131,0
DA:132,0
DA:136,0
DA:137,0
DA:140,0
DA:142,0
DA:152,0
DA:153,0
DA:155,0
DA:156,0
DA:159,0
DA:160,0
DA:163,0
DA:165,0
DA:166,0
DA:170,0
DA:171,0
DA:174,0
DA:176,0
DA:177,0
DA:181,0
DA:182,0
DA:183,0
DA:187,0
DA:210,0
DA:212,0
DA:219,0
DA:220,0
DA:223,0
DA:224,0
DA:227,0
DA:229,0
DA:230,0
DA:234,0
DA:245,0
DA:247,0
DA:254,0
DA:255,0
DA:265,0
DA:266,0
DA:269,0
DA:272,0
LF:94
LH:0
BRDA:21,0,0,0
BRDA:21,0,1,0
BRDA:21,1,0,0
BRDA:21,1,1,0
BRDA:43,2,0,0
BRDA:43,2,1,0
BRDA:55,3,0,0
BRDA:55,3,1,0
BRDA:55,4,0,0
BRDA:55,4,1,0
BRDA:61,5,0,0
BRDA:61,5,1,0
BRDA:65,6,0,0
BRDA:65,6,1,0
BRDA:71,7,0,0
BRDA:71,7,1,0
BRDA:107,8,0,0
BRDA:107,8,1,0
BRDA:111,9,0,0
BRDA:111,9,1,0
BRDA:131,10,0,0
BRDA:131,10,1,0
BRDA:136,11,0,0
BRDA:136,11,1,0
BRDA:155,12,0,0
BRDA:155,12,1,0
BRDA:155,13,0,0
BRDA:155,13,1,0
BRDA:159,14,0,0
BRDA:159,14,1,0
BRDA:165,15,0,0
BRDA:165,15,1,0
BRDA:170,16,0,0
BRDA:170,16,1,0
BRDA:176,17,0,0
BRDA:176,17,1,0
BRDA:182,18,0,0
BRDA:182,18,1,0
BRDA:196,19,0,0
BRDA:196,19,1,0
BRDA:223,20,0,0
BRDA:223,20,1,0
BRDA:223,21,0,0
BRDA:223,21,1,0
BRDA:229,22,0,0
BRDA:229,22,1,0
BRDA:229,23,0,0
BRDA:229,23,1,0
BRDA:265,24,0,0
BRDA:265,24,1,0
BRF:50
BRH:0
end_of_record
TN:
SF:src/services/emailService.js
FN:11,(anonymous_0)
FN:39,(anonymous_1)
FN:147,(anonymous_2)
FN:210,(anonymous_3)
FN:239,(anonymous_4)
FNF:5
FNH:0
FNDA:0,(anonymous_0)
FNDA:0,(anonymous_1)
FNDA:0,(anonymous_2)
FNDA:0,(anonymous_3)
FNDA:0,(anonymous_4)
DA:4,0
DA:9,0
DA:11,0
DA:12,0
DA:14,0
DA:23,0
DA:24,0
DA:33,0
DA:34,0
DA:39,0
DA:40,0
DA:41,0
DA:43,0
DA:53,0
DA:147,0
DA:148,0
DA:210,0
DA:211,0
DA:212,0
DA:215,0
DA:222,0
DA:223,0
DA:224,0
DA:227,0
DA:228,0
DA:231,0
DA:233,0
DA:234,0
DA:239,0
DA:240,0
DA:241,0
DA:244,0
DA:251,0
DA:252,0
DA:253,0
DA:254,0
DA:256,0
DA:257,0
DA:261,0
LF:39
LH:0
BRDA:12,0,0,0
BRDA:12,0,1,0
BRDA:12,1,0,0
BRDA:12,1,1,0
BRDA:40,2,0,0
BRDA:40,2,1,0
BRDA:93,3,0,0
BRDA:93,3,1,0
BRDA:180,4,0,0
BRDA:180,4,1,0
BRDA:211,5,0,0
BRDA:211,5,1,0
BRDA:227,6,0,0
BRDA:227,6,1,0
BRDA:240,7,0,0
BRDA:240,7,1,0
BRF:16
BRH:0
end_of_record
